ARM GAS  /tmp/ccBq1abN.s 			page 1


   1              		.cpu cortex-m4
   2              		.eabi_attribute 27, 1
   3              		.eabi_attribute 28, 1
   4              		.eabi_attribute 20, 1
   5              		.eabi_attribute 21, 1
   6              		.eabi_attribute 23, 3
   7              		.eabi_attribute 24, 1
   8              		.eabi_attribute 25, 1
   9              		.eabi_attribute 26, 1
  10              		.eabi_attribute 30, 1
  11              		.eabi_attribute 34, 1
  12              		.eabi_attribute 18, 4
  13              		.file	"stm32f4xx_hal_msp.c"
  14              		.text
  15              	.Ltext0:
  16              		.cfi_sections	.debug_frame
  17              		.section	.text.HAL_MspInit,"ax",%progbits
  18              		.align	1
  19              		.global	HAL_MspInit
  20              		.syntax unified
  21              		.thumb
  22              		.thumb_func
  23              		.fpu fpv4-sp-d16
  25              	HAL_MspInit:
  26              	.LFB123:
  27              		.file 1 "Src/stm32f4xx_hal_msp.c"
   1:Src/stm32f4xx_hal_msp.c **** /**
   2:Src/stm32f4xx_hal_msp.c ****   ******************************************************************************
   3:Src/stm32f4xx_hal_msp.c ****   * File Name          : stm32f4xx_hal_msp.c
   4:Src/stm32f4xx_hal_msp.c ****   * Description        : This file provides code for the MSP Initialization 
   5:Src/stm32f4xx_hal_msp.c ****   *                      and de-Initialization codes.
   6:Src/stm32f4xx_hal_msp.c ****   ******************************************************************************
   7:Src/stm32f4xx_hal_msp.c ****   ** This notice applies to any and all portions of this file
   8:Src/stm32f4xx_hal_msp.c ****   * that are not between comment pairs USER CODE BEGIN and
   9:Src/stm32f4xx_hal_msp.c ****   * USER CODE END. Other portions of this file, whether 
  10:Src/stm32f4xx_hal_msp.c ****   * inserted by the user or by software development tools
  11:Src/stm32f4xx_hal_msp.c ****   * are owned by their respective copyright owners.
  12:Src/stm32f4xx_hal_msp.c ****   *
  13:Src/stm32f4xx_hal_msp.c ****   * COPYRIGHT(c) 2017 STMicroelectronics
  14:Src/stm32f4xx_hal_msp.c ****   *
  15:Src/stm32f4xx_hal_msp.c ****   * Redistribution and use in source and binary forms, with or without modification,
  16:Src/stm32f4xx_hal_msp.c ****   * are permitted provided that the following conditions are met:
  17:Src/stm32f4xx_hal_msp.c ****   *   1. Redistributions of source code must retain the above copyright notice,
  18:Src/stm32f4xx_hal_msp.c ****   *      this list of conditions and the following disclaimer.
  19:Src/stm32f4xx_hal_msp.c ****   *   2. Redistributions in binary form must reproduce the above copyright notice,
  20:Src/stm32f4xx_hal_msp.c ****   *      this list of conditions and the following disclaimer in the documentation
  21:Src/stm32f4xx_hal_msp.c ****   *      and/or other materials provided with the distribution.
  22:Src/stm32f4xx_hal_msp.c ****   *   3. Neither the name of STMicroelectronics nor the names of its contributors
  23:Src/stm32f4xx_hal_msp.c ****   *      may be used to endorse or promote products derived from this software
  24:Src/stm32f4xx_hal_msp.c ****   *      without specific prior written permission.
  25:Src/stm32f4xx_hal_msp.c ****   *
  26:Src/stm32f4xx_hal_msp.c ****   * THIS SOFTWARE IS PROVIDED BY THE COPYRIGHT HOLDERS AND CONTRIBUTORS "AS IS"
  27:Src/stm32f4xx_hal_msp.c ****   * AND ANY EXPRESS OR IMPLIED WARRANTIES, INCLUDING, BUT NOT LIMITED TO, THE
  28:Src/stm32f4xx_hal_msp.c ****   * IMPLIED WARRANTIES OF MERCHANTABILITY AND FITNESS FOR A PARTICULAR PURPOSE ARE
  29:Src/stm32f4xx_hal_msp.c ****   * DISCLAIMED. IN NO EVENT SHALL THE COPYRIGHT HOLDER OR CONTRIBUTORS BE LIABLE
  30:Src/stm32f4xx_hal_msp.c ****   * FOR ANY DIRECT, INDIRECT, INCIDENTAL, SPECIAL, EXEMPLARY, OR CONSEQUENTIAL
  31:Src/stm32f4xx_hal_msp.c ****   * DAMAGES (INCLUDING, BUT NOT LIMITED TO, PROCUREMENT OF SUBSTITUTE GOODS OR
ARM GAS  /tmp/ccBq1abN.s 			page 2


  32:Src/stm32f4xx_hal_msp.c ****   * SERVICES; LOSS OF USE, DATA, OR PROFITS; OR BUSINESS INTERRUPTION) HOWEVER
  33:Src/stm32f4xx_hal_msp.c ****   * CAUSED AND ON ANY THEORY OF LIABILITY, WHETHER IN CONTRACT, STRICT LIABILITY,
  34:Src/stm32f4xx_hal_msp.c ****   * OR TORT (INCLUDING NEGLIGENCE OR OTHERWISE) ARISING IN ANY WAY OUT OF THE USE
  35:Src/stm32f4xx_hal_msp.c ****   * OF THIS SOFTWARE, EVEN IF ADVISED OF THE POSSIBILITY OF SUCH DAMAGE.
  36:Src/stm32f4xx_hal_msp.c ****   *
  37:Src/stm32f4xx_hal_msp.c ****   ******************************************************************************
  38:Src/stm32f4xx_hal_msp.c ****   */
  39:Src/stm32f4xx_hal_msp.c **** /* Includes ------------------------------------------------------------------*/
  40:Src/stm32f4xx_hal_msp.c **** #include "stm32f4xx_hal.h"
  41:Src/stm32f4xx_hal_msp.c **** 
  42:Src/stm32f4xx_hal_msp.c **** extern void _Error_Handler(char *, int);
  43:Src/stm32f4xx_hal_msp.c **** /* USER CODE BEGIN 0 */
  44:Src/stm32f4xx_hal_msp.c **** 
  45:Src/stm32f4xx_hal_msp.c **** /* USER CODE END 0 */
  46:Src/stm32f4xx_hal_msp.c **** /**
  47:Src/stm32f4xx_hal_msp.c ****   * Initializes the Global MSP.
  48:Src/stm32f4xx_hal_msp.c ****   */
  49:Src/stm32f4xx_hal_msp.c **** void HAL_MspInit(void)
  50:Src/stm32f4xx_hal_msp.c **** {
  28              		.loc 1 50 0
  29              		.cfi_startproc
  30              		@ args = 0, pretend = 0, frame = 0
  31              		@ frame_needed = 0, uses_anonymous_args = 0
  32 0000 08B5     		push	{r3, lr}
  33              	.LCFI0:
  34              		.cfi_def_cfa_offset 8
  35              		.cfi_offset 3, -8
  36              		.cfi_offset 14, -4
  51:Src/stm32f4xx_hal_msp.c ****   /* USER CODE BEGIN MspInit 0 */
  52:Src/stm32f4xx_hal_msp.c **** 
  53:Src/stm32f4xx_hal_msp.c ****   /* USER CODE END MspInit 0 */
  54:Src/stm32f4xx_hal_msp.c **** 
  55:Src/stm32f4xx_hal_msp.c ****   HAL_NVIC_SetPriorityGrouping(NVIC_PRIORITYGROUP_4);
  37              		.loc 1 55 0
  38 0002 0320     		movs	r0, #3
  39 0004 FFF7FEFF 		bl	HAL_NVIC_SetPriorityGrouping
  40              	.LVL0:
  56:Src/stm32f4xx_hal_msp.c **** 
  57:Src/stm32f4xx_hal_msp.c ****   /* System interrupt init*/
  58:Src/stm32f4xx_hal_msp.c ****   /* MemoryManagement_IRQn interrupt configuration */
  59:Src/stm32f4xx_hal_msp.c ****   HAL_NVIC_SetPriority(MemoryManagement_IRQn, 0, 0);
  41              		.loc 1 59 0
  42 0008 0022     		movs	r2, #0
  43 000a 1146     		mov	r1, r2
  44 000c 6FF00B00 		mvn	r0, #11
  45 0010 FFF7FEFF 		bl	HAL_NVIC_SetPriority
  46              	.LVL1:
  60:Src/stm32f4xx_hal_msp.c ****   /* BusFault_IRQn interrupt configuration */
  61:Src/stm32f4xx_hal_msp.c ****   HAL_NVIC_SetPriority(BusFault_IRQn, 0, 0);
  47              		.loc 1 61 0
  48 0014 0022     		movs	r2, #0
  49 0016 1146     		mov	r1, r2
  50 0018 6FF00A00 		mvn	r0, #10
  51 001c FFF7FEFF 		bl	HAL_NVIC_SetPriority
  52              	.LVL2:
  62:Src/stm32f4xx_hal_msp.c ****   /* UsageFault_IRQn interrupt configuration */
  63:Src/stm32f4xx_hal_msp.c ****   HAL_NVIC_SetPriority(UsageFault_IRQn, 0, 0);
ARM GAS  /tmp/ccBq1abN.s 			page 3


  53              		.loc 1 63 0
  54 0020 0022     		movs	r2, #0
  55 0022 1146     		mov	r1, r2
  56 0024 6FF00900 		mvn	r0, #9
  57 0028 FFF7FEFF 		bl	HAL_NVIC_SetPriority
  58              	.LVL3:
  64:Src/stm32f4xx_hal_msp.c ****   /* SVCall_IRQn interrupt configuration */
  65:Src/stm32f4xx_hal_msp.c ****   HAL_NVIC_SetPriority(SVCall_IRQn, 0, 0);
  59              		.loc 1 65 0
  60 002c 0022     		movs	r2, #0
  61 002e 1146     		mov	r1, r2
  62 0030 6FF00400 		mvn	r0, #4
  63 0034 FFF7FEFF 		bl	HAL_NVIC_SetPriority
  64              	.LVL4:
  66:Src/stm32f4xx_hal_msp.c ****   /* DebugMonitor_IRQn interrupt configuration */
  67:Src/stm32f4xx_hal_msp.c ****   HAL_NVIC_SetPriority(DebugMonitor_IRQn, 0, 0);
  65              		.loc 1 67 0
  66 0038 0022     		movs	r2, #0
  67 003a 1146     		mov	r1, r2
  68 003c 6FF00300 		mvn	r0, #3
  69 0040 FFF7FEFF 		bl	HAL_NVIC_SetPriority
  70              	.LVL5:
  68:Src/stm32f4xx_hal_msp.c ****   /* PendSV_IRQn interrupt configuration */
  69:Src/stm32f4xx_hal_msp.c ****   HAL_NVIC_SetPriority(PendSV_IRQn, 0, 0);
  71              		.loc 1 69 0
  72 0044 0022     		movs	r2, #0
  73 0046 1146     		mov	r1, r2
  74 0048 6FF00100 		mvn	r0, #1
  75 004c FFF7FEFF 		bl	HAL_NVIC_SetPriority
  76              	.LVL6:
  70:Src/stm32f4xx_hal_msp.c ****   /* SysTick_IRQn interrupt configuration */
  71:Src/stm32f4xx_hal_msp.c ****   HAL_NVIC_SetPriority(SysTick_IRQn, 0, 0);
  77              		.loc 1 71 0
  78 0050 0022     		movs	r2, #0
  79 0052 1146     		mov	r1, r2
  80 0054 4FF0FF30 		mov	r0, #-1
  81 0058 FFF7FEFF 		bl	HAL_NVIC_SetPriority
  82              	.LVL7:
  83 005c 08BD     		pop	{r3, pc}
  84              		.cfi_endproc
  85              	.LFE123:
  87              		.section	.text.HAL_UART_MspInit,"ax",%progbits
  88              		.align	1
  89              		.global	HAL_UART_MspInit
  90              		.syntax unified
  91              		.thumb
  92              		.thumb_func
  93              		.fpu fpv4-sp-d16
  95              	HAL_UART_MspInit:
  96              	.LFB124:
  72:Src/stm32f4xx_hal_msp.c **** 
  73:Src/stm32f4xx_hal_msp.c ****   /* USER CODE BEGIN MspInit 1 */
  74:Src/stm32f4xx_hal_msp.c **** 
  75:Src/stm32f4xx_hal_msp.c ****   /* USER CODE END MspInit 1 */
  76:Src/stm32f4xx_hal_msp.c **** }
  77:Src/stm32f4xx_hal_msp.c **** 
  78:Src/stm32f4xx_hal_msp.c **** void HAL_UART_MspInit(UART_HandleTypeDef* huart)
ARM GAS  /tmp/ccBq1abN.s 			page 4


  79:Src/stm32f4xx_hal_msp.c **** {
  97              		.loc 1 79 0
  98              		.cfi_startproc
  99              		@ args = 0, pretend = 0, frame = 24
 100              		@ frame_needed = 0, uses_anonymous_args = 0
 101              	.LVL8:
  80:Src/stm32f4xx_hal_msp.c **** 
  81:Src/stm32f4xx_hal_msp.c ****   GPIO_InitTypeDef GPIO_InitStruct;
  82:Src/stm32f4xx_hal_msp.c ****   if(huart->Instance==USART6)
 102              		.loc 1 82 0
 103 0000 0268     		ldr	r2, [r0]
 104 0002 154B     		ldr	r3, .L10
 105 0004 9A42     		cmp	r2, r3
 106 0006 00D0     		beq	.L9
 107 0008 7047     		bx	lr
 108              	.L9:
  79:Src/stm32f4xx_hal_msp.c **** 
 109              		.loc 1 79 0
 110 000a 10B5     		push	{r4, lr}
 111              	.LCFI1:
 112              		.cfi_def_cfa_offset 8
 113              		.cfi_offset 4, -8
 114              		.cfi_offset 14, -4
 115 000c 86B0     		sub	sp, sp, #24
 116              	.LCFI2:
 117              		.cfi_def_cfa_offset 32
 118              	.LBB2:
  83:Src/stm32f4xx_hal_msp.c ****   {
  84:Src/stm32f4xx_hal_msp.c ****   /* USER CODE BEGIN USART6_MspInit 0 */
  85:Src/stm32f4xx_hal_msp.c **** 
  86:Src/stm32f4xx_hal_msp.c ****   /* USER CODE END USART6_MspInit 0 */
  87:Src/stm32f4xx_hal_msp.c ****     /* Peripheral clock enable */
  88:Src/stm32f4xx_hal_msp.c ****     __HAL_RCC_USART6_CLK_ENABLE();
 119              		.loc 1 88 0
 120 000e 0024     		movs	r4, #0
 121 0010 0094     		str	r4, [sp]
 122 0012 03F59233 		add	r3, r3, #74752
 123 0016 5A6C     		ldr	r2, [r3, #68]
 124 0018 42F02002 		orr	r2, r2, #32
 125 001c 5A64     		str	r2, [r3, #68]
 126 001e 5B6C     		ldr	r3, [r3, #68]
 127 0020 03F02003 		and	r3, r3, #32
 128 0024 0093     		str	r3, [sp]
 129 0026 009B     		ldr	r3, [sp]
 130              	.LBE2:
  89:Src/stm32f4xx_hal_msp.c ****   
  90:Src/stm32f4xx_hal_msp.c ****     /**USART6 GPIO Configuration    
  91:Src/stm32f4xx_hal_msp.c ****     PC6     ------> USART6_TX
  92:Src/stm32f4xx_hal_msp.c ****     PC7     ------> USART6_RX 
  93:Src/stm32f4xx_hal_msp.c ****     */
  94:Src/stm32f4xx_hal_msp.c ****     GPIO_InitStruct.Pin = E407_Tx_Pin|E407_Rx_Pin;
 131              		.loc 1 94 0
 132 0028 C023     		movs	r3, #192
 133 002a 0193     		str	r3, [sp, #4]
  95:Src/stm32f4xx_hal_msp.c ****     GPIO_InitStruct.Mode = GPIO_MODE_AF_PP;
 134              		.loc 1 95 0
 135 002c 0223     		movs	r3, #2
ARM GAS  /tmp/ccBq1abN.s 			page 5


 136 002e 0293     		str	r3, [sp, #8]
  96:Src/stm32f4xx_hal_msp.c ****     GPIO_InitStruct.Pull = GPIO_PULLUP;
 137              		.loc 1 96 0
 138 0030 0123     		movs	r3, #1
 139 0032 0393     		str	r3, [sp, #12]
  97:Src/stm32f4xx_hal_msp.c ****     GPIO_InitStruct.Speed = GPIO_SPEED_FREQ_VERY_HIGH;
 140              		.loc 1 97 0
 141 0034 0323     		movs	r3, #3
 142 0036 0493     		str	r3, [sp, #16]
  98:Src/stm32f4xx_hal_msp.c ****     GPIO_InitStruct.Alternate = GPIO_AF8_USART6;
 143              		.loc 1 98 0
 144 0038 0823     		movs	r3, #8
 145 003a 0593     		str	r3, [sp, #20]
  99:Src/stm32f4xx_hal_msp.c ****     HAL_GPIO_Init(GPIOC, &GPIO_InitStruct);
 146              		.loc 1 99 0
 147 003c 01A9     		add	r1, sp, #4
 148 003e 0748     		ldr	r0, .L10+4
 149              	.LVL9:
 150 0040 FFF7FEFF 		bl	HAL_GPIO_Init
 151              	.LVL10:
 100:Src/stm32f4xx_hal_msp.c **** 
 101:Src/stm32f4xx_hal_msp.c ****     /* USART6 interrupt Init */
 102:Src/stm32f4xx_hal_msp.c ****     HAL_NVIC_SetPriority(USART6_IRQn, 0, 0);
 152              		.loc 1 102 0
 153 0044 2246     		mov	r2, r4
 154 0046 2146     		mov	r1, r4
 155 0048 4720     		movs	r0, #71
 156 004a FFF7FEFF 		bl	HAL_NVIC_SetPriority
 157              	.LVL11:
 103:Src/stm32f4xx_hal_msp.c ****     HAL_NVIC_EnableIRQ(USART6_IRQn);
 158              		.loc 1 103 0
 159 004e 4720     		movs	r0, #71
 160 0050 FFF7FEFF 		bl	HAL_NVIC_EnableIRQ
 161              	.LVL12:
 104:Src/stm32f4xx_hal_msp.c ****   /* USER CODE BEGIN USART6_MspInit 1 */
 105:Src/stm32f4xx_hal_msp.c **** 
 106:Src/stm32f4xx_hal_msp.c ****   /* USER CODE END USART6_MspInit 1 */
 107:Src/stm32f4xx_hal_msp.c ****   }
 108:Src/stm32f4xx_hal_msp.c **** 
 109:Src/stm32f4xx_hal_msp.c **** }
 162              		.loc 1 109 0
 163 0054 06B0     		add	sp, sp, #24
 164              	.LCFI3:
 165              		.cfi_def_cfa_offset 8
 166              		@ sp needed
 167 0056 10BD     		pop	{r4, pc}
 168              	.L11:
 169              		.align	2
 170              	.L10:
 171 0058 00140140 		.word	1073812480
 172 005c 00080240 		.word	1073874944
 173              		.cfi_endproc
 174              	.LFE124:
 176              		.section	.text.HAL_UART_MspDeInit,"ax",%progbits
 177              		.align	1
 178              		.global	HAL_UART_MspDeInit
 179              		.syntax unified
ARM GAS  /tmp/ccBq1abN.s 			page 6


 180              		.thumb
 181              		.thumb_func
 182              		.fpu fpv4-sp-d16
 184              	HAL_UART_MspDeInit:
 185              	.LFB125:
 110:Src/stm32f4xx_hal_msp.c **** 
 111:Src/stm32f4xx_hal_msp.c **** void HAL_UART_MspDeInit(UART_HandleTypeDef* huart)
 112:Src/stm32f4xx_hal_msp.c **** {
 186              		.loc 1 112 0
 187              		.cfi_startproc
 188              		@ args = 0, pretend = 0, frame = 0
 189              		@ frame_needed = 0, uses_anonymous_args = 0
 190              	.LVL13:
 191 0000 08B5     		push	{r3, lr}
 192              	.LCFI4:
 193              		.cfi_def_cfa_offset 8
 194              		.cfi_offset 3, -8
 195              		.cfi_offset 14, -4
 113:Src/stm32f4xx_hal_msp.c **** 
 114:Src/stm32f4xx_hal_msp.c ****   if(huart->Instance==USART6)
 196              		.loc 1 114 0
 197 0002 0268     		ldr	r2, [r0]
 198 0004 084B     		ldr	r3, .L16
 199 0006 9A42     		cmp	r2, r3
 200 0008 00D0     		beq	.L15
 201              	.LVL14:
 202              	.L12:
 203 000a 08BD     		pop	{r3, pc}
 204              	.LVL15:
 205              	.L15:
 115:Src/stm32f4xx_hal_msp.c ****   {
 116:Src/stm32f4xx_hal_msp.c ****   /* USER CODE BEGIN USART6_MspDeInit 0 */
 117:Src/stm32f4xx_hal_msp.c **** 
 118:Src/stm32f4xx_hal_msp.c ****   /* USER CODE END USART6_MspDeInit 0 */
 119:Src/stm32f4xx_hal_msp.c ****     /* Peripheral clock disable */
 120:Src/stm32f4xx_hal_msp.c ****     __HAL_RCC_USART6_CLK_DISABLE();
 206              		.loc 1 120 0
 207 000c 074A     		ldr	r2, .L16+4
 208 000e 536C     		ldr	r3, [r2, #68]
 209 0010 23F02003 		bic	r3, r3, #32
 210 0014 5364     		str	r3, [r2, #68]
 121:Src/stm32f4xx_hal_msp.c ****   
 122:Src/stm32f4xx_hal_msp.c ****     /**USART6 GPIO Configuration    
 123:Src/stm32f4xx_hal_msp.c ****     PC6     ------> USART6_TX
 124:Src/stm32f4xx_hal_msp.c ****     PC7     ------> USART6_RX 
 125:Src/stm32f4xx_hal_msp.c ****     */
 126:Src/stm32f4xx_hal_msp.c ****     HAL_GPIO_DeInit(GPIOC, E407_Tx_Pin|E407_Rx_Pin);
 211              		.loc 1 126 0
 212 0016 C021     		movs	r1, #192
 213 0018 0548     		ldr	r0, .L16+8
 214              	.LVL16:
 215 001a FFF7FEFF 		bl	HAL_GPIO_DeInit
 216              	.LVL17:
 127:Src/stm32f4xx_hal_msp.c **** 
 128:Src/stm32f4xx_hal_msp.c ****     /* USART6 interrupt DeInit */
 129:Src/stm32f4xx_hal_msp.c ****     HAL_NVIC_DisableIRQ(USART6_IRQn);
 217              		.loc 1 129 0
ARM GAS  /tmp/ccBq1abN.s 			page 7


 218 001e 4720     		movs	r0, #71
 219 0020 FFF7FEFF 		bl	HAL_NVIC_DisableIRQ
 220              	.LVL18:
 130:Src/stm32f4xx_hal_msp.c ****   /* USER CODE BEGIN USART6_MspDeInit 1 */
 131:Src/stm32f4xx_hal_msp.c **** 
 132:Src/stm32f4xx_hal_msp.c ****   /* USER CODE END USART6_MspDeInit 1 */
 133:Src/stm32f4xx_hal_msp.c ****   }
 134:Src/stm32f4xx_hal_msp.c **** 
 135:Src/stm32f4xx_hal_msp.c **** }
 221              		.loc 1 135 0
 222 0024 F1E7     		b	.L12
 223              	.L17:
 224 0026 00BF     		.align	2
 225              	.L16:
 226 0028 00140140 		.word	1073812480
 227 002c 00380240 		.word	1073887232
 228 0030 00080240 		.word	1073874944
 229              		.cfi_endproc
 230              	.LFE125:
 232              		.text
 233              	.Letext0:
 234              		.file 2 "/home/saicharan/arm/arm-none-eabi/include/machine/_default_types.h"
 235              		.file 3 "/home/saicharan/arm/arm-none-eabi/include/stdint.h"
 236              		.file 4 "Drivers/CMSIS/Include/core_cm4.h"
 237              		.file 5 "Drivers/CMSIS/Device/ST/STM32F4xx/Include/system_stm32f4xx.h"
 238              		.file 6 "Drivers/CMSIS/Device/ST/STM32F4xx/Include/stm32f407xx.h"
 239              		.file 7 "/home/saicharan/arm/arm-none-eabi/include/sys/lock.h"
 240              		.file 8 "/home/saicharan/arm/arm-none-eabi/include/sys/_types.h"
 241              		.file 9 "/home/saicharan/arm/lib/gcc/arm-none-eabi/6.3.0/include/stddef.h"
 242              		.file 10 "/home/saicharan/arm/arm-none-eabi/include/sys/reent.h"
 243              		.file 11 "Drivers/STM32F4xx_HAL_Driver/Inc/stm32f4xx_hal_def.h"
 244              		.file 12 "Drivers/STM32F4xx_HAL_Driver/Inc/stm32f4xx_hal_gpio.h"
 245              		.file 13 "Drivers/STM32F4xx_HAL_Driver/Inc/stm32f4xx_hal_dma.h"
 246              		.file 14 "Drivers/STM32F4xx_HAL_Driver/Inc/stm32f4xx_hal_uart.h"
 247              		.file 15 "Drivers/STM32F4xx_HAL_Driver/Inc/stm32f4xx_hal_cortex.h"
ARM GAS  /tmp/ccBq1abN.s 			page 8


DEFINED SYMBOLS
                            *ABS*:0000000000000000 stm32f4xx_hal_msp.c
     /tmp/ccBq1abN.s:18     .text.HAL_MspInit:0000000000000000 $t
     /tmp/ccBq1abN.s:25     .text.HAL_MspInit:0000000000000000 HAL_MspInit
     /tmp/ccBq1abN.s:88     .text.HAL_UART_MspInit:0000000000000000 $t
     /tmp/ccBq1abN.s:95     .text.HAL_UART_MspInit:0000000000000000 HAL_UART_MspInit
     /tmp/ccBq1abN.s:171    .text.HAL_UART_MspInit:0000000000000058 $d
     /tmp/ccBq1abN.s:177    .text.HAL_UART_MspDeInit:0000000000000000 $t
     /tmp/ccBq1abN.s:184    .text.HAL_UART_MspDeInit:0000000000000000 HAL_UART_MspDeInit
     /tmp/ccBq1abN.s:226    .text.HAL_UART_MspDeInit:0000000000000028 $d
                     .debug_frame:0000000000000010 $d

UNDEFINED SYMBOLS
HAL_NVIC_SetPriorityGrouping
HAL_NVIC_SetPriority
HAL_GPIO_Init
HAL_NVIC_EnableIRQ
HAL_GPIO_DeInit
HAL_NVIC_DisableIRQ
