ARM GAS  /tmp/ccNICeNr.s 			page 1


   1              		.cpu cortex-m4
   2              		.eabi_attribute 27, 1
   3              		.eabi_attribute 28, 1
   4              		.eabi_attribute 20, 1
   5              		.eabi_attribute 21, 1
   6              		.eabi_attribute 23, 3
   7              		.eabi_attribute 24, 1
   8              		.eabi_attribute 25, 1
   9              		.eabi_attribute 26, 1
  10              		.eabi_attribute 30, 1
  11              		.eabi_attribute 34, 1
  12              		.eabi_attribute 18, 4
  13              		.file	"stm32f4xx_it.c"
  14              		.text
  15              	.Ltext0:
  16              		.cfi_sections	.debug_frame
  17              		.section	.text.NMI_Handler,"ax",%progbits
  18              		.align	1
  19              		.global	NMI_Handler
  20              		.syntax unified
  21              		.thumb
  22              		.thumb_func
  23              		.fpu fpv4-sp-d16
  25              	NMI_Handler:
  26              	.LFB123:
  27              		.file 1 "Src/stm32f4xx_it.c"
   1:Src/stm32f4xx_it.c **** /**
   2:Src/stm32f4xx_it.c ****   ******************************************************************************
   3:Src/stm32f4xx_it.c ****   * @file    stm32f4xx_it.c
   4:Src/stm32f4xx_it.c ****   * @brief   Interrupt Service Routines.
   5:Src/stm32f4xx_it.c ****   ******************************************************************************
   6:Src/stm32f4xx_it.c ****   *
   7:Src/stm32f4xx_it.c ****   * COPYRIGHT(c) 2017 STMicroelectronics
   8:Src/stm32f4xx_it.c ****   *
   9:Src/stm32f4xx_it.c ****   * Redistribution and use in source and binary forms, with or without modification,
  10:Src/stm32f4xx_it.c ****   * are permitted provided that the following conditions are met:
  11:Src/stm32f4xx_it.c ****   *   1. Redistributions of source code must retain the above copyright notice,
  12:Src/stm32f4xx_it.c ****   *      this list of conditions and the following disclaimer.
  13:Src/stm32f4xx_it.c ****   *   2. Redistributions in binary form must reproduce the above copyright notice,
  14:Src/stm32f4xx_it.c ****   *      this list of conditions and the following disclaimer in the documentation
  15:Src/stm32f4xx_it.c ****   *      and/or other materials provided with the distribution.
  16:Src/stm32f4xx_it.c ****   *   3. Neither the name of STMicroelectronics nor the names of its contributors
  17:Src/stm32f4xx_it.c ****   *      may be used to endorse or promote products derived from this software
  18:Src/stm32f4xx_it.c ****   *      without specific prior written permission.
  19:Src/stm32f4xx_it.c ****   *
  20:Src/stm32f4xx_it.c ****   * THIS SOFTWARE IS PROVIDED BY THE COPYRIGHT HOLDERS AND CONTRIBUTORS "AS IS"
  21:Src/stm32f4xx_it.c ****   * AND ANY EXPRESS OR IMPLIED WARRANTIES, INCLUDING, BUT NOT LIMITED TO, THE
  22:Src/stm32f4xx_it.c ****   * IMPLIED WARRANTIES OF MERCHANTABILITY AND FITNESS FOR A PARTICULAR PURPOSE ARE
  23:Src/stm32f4xx_it.c ****   * DISCLAIMED. IN NO EVENT SHALL THE COPYRIGHT HOLDER OR CONTRIBUTORS BE LIABLE
  24:Src/stm32f4xx_it.c ****   * FOR ANY DIRECT, INDIRECT, INCIDENTAL, SPECIAL, EXEMPLARY, OR CONSEQUENTIAL
  25:Src/stm32f4xx_it.c ****   * DAMAGES (INCLUDING, BUT NOT LIMITED TO, PROCUREMENT OF SUBSTITUTE GOODS OR
  26:Src/stm32f4xx_it.c ****   * SERVICES; LOSS OF USE, DATA, OR PROFITS; OR BUSINESS INTERRUPTION) HOWEVER
  27:Src/stm32f4xx_it.c ****   * CAUSED AND ON ANY THEORY OF LIABILITY, WHETHER IN CONTRACT, STRICT LIABILITY,
  28:Src/stm32f4xx_it.c ****   * OR TORT (INCLUDING NEGLIGENCE OR OTHERWISE) ARISING IN ANY WAY OUT OF THE USE
  29:Src/stm32f4xx_it.c ****   * OF THIS SOFTWARE, EVEN IF ADVISED OF THE POSSIBILITY OF SUCH DAMAGE.
  30:Src/stm32f4xx_it.c ****   *
  31:Src/stm32f4xx_it.c ****   ******************************************************************************
ARM GAS  /tmp/ccNICeNr.s 			page 2


  32:Src/stm32f4xx_it.c ****   */
  33:Src/stm32f4xx_it.c **** /* Includes ------------------------------------------------------------------*/
  34:Src/stm32f4xx_it.c **** #include "stm32f4xx_hal.h"
  35:Src/stm32f4xx_it.c **** #include "stm32f4xx.h"
  36:Src/stm32f4xx_it.c **** #include "stm32f4xx_it.h"
  37:Src/stm32f4xx_it.c **** 
  38:Src/stm32f4xx_it.c **** /* USER CODE BEGIN 0 */
  39:Src/stm32f4xx_it.c **** #include "main.h"
  40:Src/stm32f4xx_it.c **** 
  41:Src/stm32f4xx_it.c **** /* Private variables ---------------------------------------------------------*/
  42:Src/stm32f4xx_it.c **** 
  43:Src/stm32f4xx_it.c **** /*TIM hanlder declared in "main.c" file */
  44:Src/stm32f4xx_it.c **** extern __IO uint32_t uwPeriodValue;
  45:Src/stm32f4xx_it.c **** extern __IO uint32_t uwCaptureNumber;
  46:Src/stm32f4xx_it.c **** extern __IO uint32_t uwMeasurementDone;
  47:Src/stm32f4xx_it.c **** uint16_t tmpCC4[2] = {0, 0};
  48:Src/stm32f4xx_it.c **** /* USER CODE END 0 */
  49:Src/stm32f4xx_it.c **** 
  50:Src/stm32f4xx_it.c **** /* External variables --------------------------------------------------------*/
  51:Src/stm32f4xx_it.c **** extern TIM_HandleTypeDef htim5;
  52:Src/stm32f4xx_it.c **** 
  53:Src/stm32f4xx_it.c **** /******************************************************************************/
  54:Src/stm32f4xx_it.c **** /*            Cortex-M4 Processor Interruption and Exception Handlers         */ 
  55:Src/stm32f4xx_it.c **** /******************************************************************************/
  56:Src/stm32f4xx_it.c **** 
  57:Src/stm32f4xx_it.c **** /**
  58:Src/stm32f4xx_it.c **** * @brief This function handles Non maskable interrupt.
  59:Src/stm32f4xx_it.c **** */
  60:Src/stm32f4xx_it.c **** void NMI_Handler(void)
  61:Src/stm32f4xx_it.c **** {
  28              		.loc 1 61 0
  29              		.cfi_startproc
  30              		@ args = 0, pretend = 0, frame = 0
  31              		@ frame_needed = 0, uses_anonymous_args = 0
  32              		@ link register save eliminated.
  33 0000 7047     		bx	lr
  34              		.cfi_endproc
  35              	.LFE123:
  37              		.section	.text.HardFault_Handler,"ax",%progbits
  38              		.align	1
  39              		.global	HardFault_Handler
  40              		.syntax unified
  41              		.thumb
  42              		.thumb_func
  43              		.fpu fpv4-sp-d16
  45              	HardFault_Handler:
  46              	.LFB124:
  62:Src/stm32f4xx_it.c ****   /* USER CODE BEGIN NonMaskableInt_IRQn 0 */
  63:Src/stm32f4xx_it.c **** 
  64:Src/stm32f4xx_it.c ****   /* USER CODE END NonMaskableInt_IRQn 0 */
  65:Src/stm32f4xx_it.c ****   /* USER CODE BEGIN NonMaskableInt_IRQn 1 */
  66:Src/stm32f4xx_it.c **** 
  67:Src/stm32f4xx_it.c ****   /* USER CODE END NonMaskableInt_IRQn 1 */
  68:Src/stm32f4xx_it.c **** }
  69:Src/stm32f4xx_it.c **** 
  70:Src/stm32f4xx_it.c **** /**
  71:Src/stm32f4xx_it.c **** * @brief This function handles Hard fault interrupt.
ARM GAS  /tmp/ccNICeNr.s 			page 3


  72:Src/stm32f4xx_it.c **** */
  73:Src/stm32f4xx_it.c **** void HardFault_Handler(void)
  74:Src/stm32f4xx_it.c **** {
  47              		.loc 1 74 0
  48              		.cfi_startproc
  49              		@ Volatile: function does not return.
  50              		@ args = 0, pretend = 0, frame = 0
  51              		@ frame_needed = 0, uses_anonymous_args = 0
  52              		@ link register save eliminated.
  53              	.L3:
  54 0000 FEE7     		b	.L3
  55              		.cfi_endproc
  56              	.LFE124:
  58              		.section	.text.MemManage_Handler,"ax",%progbits
  59              		.align	1
  60              		.global	MemManage_Handler
  61              		.syntax unified
  62              		.thumb
  63              		.thumb_func
  64              		.fpu fpv4-sp-d16
  66              	MemManage_Handler:
  67              	.LFB125:
  75:Src/stm32f4xx_it.c ****   /* USER CODE BEGIN HardFault_IRQn 0 */
  76:Src/stm32f4xx_it.c **** 
  77:Src/stm32f4xx_it.c ****   /* USER CODE END HardFault_IRQn 0 */
  78:Src/stm32f4xx_it.c ****   while (1)
  79:Src/stm32f4xx_it.c ****   {
  80:Src/stm32f4xx_it.c ****   }
  81:Src/stm32f4xx_it.c ****   /* USER CODE BEGIN HardFault_IRQn 1 */
  82:Src/stm32f4xx_it.c **** 
  83:Src/stm32f4xx_it.c ****   /* USER CODE END HardFault_IRQn 1 */
  84:Src/stm32f4xx_it.c **** }
  85:Src/stm32f4xx_it.c **** 
  86:Src/stm32f4xx_it.c **** /**
  87:Src/stm32f4xx_it.c **** * @brief This function handles Memory management fault.
  88:Src/stm32f4xx_it.c **** */
  89:Src/stm32f4xx_it.c **** void MemManage_Handler(void)
  90:Src/stm32f4xx_it.c **** {
  68              		.loc 1 90 0
  69              		.cfi_startproc
  70              		@ Volatile: function does not return.
  71              		@ args = 0, pretend = 0, frame = 0
  72              		@ frame_needed = 0, uses_anonymous_args = 0
  73              		@ link register save eliminated.
  74              	.L5:
  75 0000 FEE7     		b	.L5
  76              		.cfi_endproc
  77              	.LFE125:
  79              		.section	.text.BusFault_Handler,"ax",%progbits
  80              		.align	1
  81              		.global	BusFault_Handler
  82              		.syntax unified
  83              		.thumb
  84              		.thumb_func
  85              		.fpu fpv4-sp-d16
  87              	BusFault_Handler:
  88              	.LFB126:
ARM GAS  /tmp/ccNICeNr.s 			page 4


  91:Src/stm32f4xx_it.c ****   /* USER CODE BEGIN MemoryManagement_IRQn 0 */
  92:Src/stm32f4xx_it.c **** 
  93:Src/stm32f4xx_it.c ****   /* USER CODE END MemoryManagement_IRQn 0 */
  94:Src/stm32f4xx_it.c ****   while (1)
  95:Src/stm32f4xx_it.c ****   {
  96:Src/stm32f4xx_it.c ****   }
  97:Src/stm32f4xx_it.c ****   /* USER CODE BEGIN MemoryManagement_IRQn 1 */
  98:Src/stm32f4xx_it.c **** 
  99:Src/stm32f4xx_it.c ****   /* USER CODE END MemoryManagement_IRQn 1 */
 100:Src/stm32f4xx_it.c **** }
 101:Src/stm32f4xx_it.c **** 
 102:Src/stm32f4xx_it.c **** /**
 103:Src/stm32f4xx_it.c **** * @brief This function handles Pre-fetch fault, memory access fault.
 104:Src/stm32f4xx_it.c **** */
 105:Src/stm32f4xx_it.c **** void BusFault_Handler(void)
 106:Src/stm32f4xx_it.c **** {
  89              		.loc 1 106 0
  90              		.cfi_startproc
  91              		@ Volatile: function does not return.
  92              		@ args = 0, pretend = 0, frame = 0
  93              		@ frame_needed = 0, uses_anonymous_args = 0
  94              		@ link register save eliminated.
  95              	.L7:
  96 0000 FEE7     		b	.L7
  97              		.cfi_endproc
  98              	.LFE126:
 100              		.section	.text.UsageFault_Handler,"ax",%progbits
 101              		.align	1
 102              		.global	UsageFault_Handler
 103              		.syntax unified
 104              		.thumb
 105              		.thumb_func
 106              		.fpu fpv4-sp-d16
 108              	UsageFault_Handler:
 109              	.LFB127:
 107:Src/stm32f4xx_it.c ****   /* USER CODE BEGIN BusFault_IRQn 0 */
 108:Src/stm32f4xx_it.c **** 
 109:Src/stm32f4xx_it.c ****   /* USER CODE END BusFault_IRQn 0 */
 110:Src/stm32f4xx_it.c ****   while (1)
 111:Src/stm32f4xx_it.c ****   {
 112:Src/stm32f4xx_it.c ****   }
 113:Src/stm32f4xx_it.c ****   /* USER CODE BEGIN BusFault_IRQn 1 */
 114:Src/stm32f4xx_it.c **** 
 115:Src/stm32f4xx_it.c ****   /* USER CODE END BusFault_IRQn 1 */
 116:Src/stm32f4xx_it.c **** }
 117:Src/stm32f4xx_it.c **** 
 118:Src/stm32f4xx_it.c **** /**
 119:Src/stm32f4xx_it.c **** * @brief This function handles Undefined instruction or illegal state.
 120:Src/stm32f4xx_it.c **** */
 121:Src/stm32f4xx_it.c **** void UsageFault_Handler(void)
 122:Src/stm32f4xx_it.c **** {
 110              		.loc 1 122 0
 111              		.cfi_startproc
 112              		@ Volatile: function does not return.
 113              		@ args = 0, pretend = 0, frame = 0
 114              		@ frame_needed = 0, uses_anonymous_args = 0
 115              		@ link register save eliminated.
ARM GAS  /tmp/ccNICeNr.s 			page 5


 116              	.L9:
 117 0000 FEE7     		b	.L9
 118              		.cfi_endproc
 119              	.LFE127:
 121              		.section	.text.SVC_Handler,"ax",%progbits
 122              		.align	1
 123              		.global	SVC_Handler
 124              		.syntax unified
 125              		.thumb
 126              		.thumb_func
 127              		.fpu fpv4-sp-d16
 129              	SVC_Handler:
 130              	.LFB128:
 123:Src/stm32f4xx_it.c ****   /* USER CODE BEGIN UsageFault_IRQn 0 */
 124:Src/stm32f4xx_it.c **** 
 125:Src/stm32f4xx_it.c ****   /* USER CODE END UsageFault_IRQn 0 */
 126:Src/stm32f4xx_it.c ****   while (1)
 127:Src/stm32f4xx_it.c ****   {
 128:Src/stm32f4xx_it.c ****   }
 129:Src/stm32f4xx_it.c ****   /* USER CODE BEGIN UsageFault_IRQn 1 */
 130:Src/stm32f4xx_it.c **** 
 131:Src/stm32f4xx_it.c ****   /* USER CODE END UsageFault_IRQn 1 */
 132:Src/stm32f4xx_it.c **** }
 133:Src/stm32f4xx_it.c **** 
 134:Src/stm32f4xx_it.c **** /**
 135:Src/stm32f4xx_it.c **** * @brief This function handles System service call via SWI instruction.
 136:Src/stm32f4xx_it.c **** */
 137:Src/stm32f4xx_it.c **** void SVC_Handler(void)
 138:Src/stm32f4xx_it.c **** {
 131              		.loc 1 138 0
 132              		.cfi_startproc
 133              		@ args = 0, pretend = 0, frame = 0
 134              		@ frame_needed = 0, uses_anonymous_args = 0
 135              		@ link register save eliminated.
 136 0000 7047     		bx	lr
 137              		.cfi_endproc
 138              	.LFE128:
 140              		.section	.text.DebugMon_Handler,"ax",%progbits
 141              		.align	1
 142              		.global	DebugMon_Handler
 143              		.syntax unified
 144              		.thumb
 145              		.thumb_func
 146              		.fpu fpv4-sp-d16
 148              	DebugMon_Handler:
 149              	.LFB129:
 139:Src/stm32f4xx_it.c ****   /* USER CODE BEGIN SVCall_IRQn 0 */
 140:Src/stm32f4xx_it.c **** 
 141:Src/stm32f4xx_it.c ****   /* USER CODE END SVCall_IRQn 0 */
 142:Src/stm32f4xx_it.c ****   /* USER CODE BEGIN SVCall_IRQn 1 */
 143:Src/stm32f4xx_it.c **** 
 144:Src/stm32f4xx_it.c ****   /* USER CODE END SVCall_IRQn 1 */
 145:Src/stm32f4xx_it.c **** }
 146:Src/stm32f4xx_it.c **** 
 147:Src/stm32f4xx_it.c **** /**
 148:Src/stm32f4xx_it.c **** * @brief This function handles Debug monitor.
 149:Src/stm32f4xx_it.c **** */
ARM GAS  /tmp/ccNICeNr.s 			page 6


 150:Src/stm32f4xx_it.c **** void DebugMon_Handler(void)
 151:Src/stm32f4xx_it.c **** {
 150              		.loc 1 151 0
 151              		.cfi_startproc
 152              		@ args = 0, pretend = 0, frame = 0
 153              		@ frame_needed = 0, uses_anonymous_args = 0
 154              		@ link register save eliminated.
 155 0000 7047     		bx	lr
 156              		.cfi_endproc
 157              	.LFE129:
 159              		.section	.text.PendSV_Handler,"ax",%progbits
 160              		.align	1
 161              		.global	PendSV_Handler
 162              		.syntax unified
 163              		.thumb
 164              		.thumb_func
 165              		.fpu fpv4-sp-d16
 167              	PendSV_Handler:
 168              	.LFB130:
 152:Src/stm32f4xx_it.c ****   /* USER CODE BEGIN DebugMonitor_IRQn 0 */
 153:Src/stm32f4xx_it.c **** 
 154:Src/stm32f4xx_it.c ****   /* USER CODE END DebugMonitor_IRQn 0 */
 155:Src/stm32f4xx_it.c ****   /* USER CODE BEGIN DebugMonitor_IRQn 1 */
 156:Src/stm32f4xx_it.c **** 
 157:Src/stm32f4xx_it.c ****   /* USER CODE END DebugMonitor_IRQn 1 */
 158:Src/stm32f4xx_it.c **** }
 159:Src/stm32f4xx_it.c **** 
 160:Src/stm32f4xx_it.c **** /**
 161:Src/stm32f4xx_it.c **** * @brief This function handles Pendable request for system service.
 162:Src/stm32f4xx_it.c **** */
 163:Src/stm32f4xx_it.c **** void PendSV_Handler(void)
 164:Src/stm32f4xx_it.c **** {
 169              		.loc 1 164 0
 170              		.cfi_startproc
 171              		@ args = 0, pretend = 0, frame = 0
 172              		@ frame_needed = 0, uses_anonymous_args = 0
 173              		@ link register save eliminated.
 174 0000 7047     		bx	lr
 175              		.cfi_endproc
 176              	.LFE130:
 178              		.section	.text.SysTick_Handler,"ax",%progbits
 179              		.align	1
 180              		.global	SysTick_Handler
 181              		.syntax unified
 182              		.thumb
 183              		.thumb_func
 184              		.fpu fpv4-sp-d16
 186              	SysTick_Handler:
 187              	.LFB131:
 165:Src/stm32f4xx_it.c ****   /* USER CODE BEGIN PendSV_IRQn 0 */
 166:Src/stm32f4xx_it.c **** 
 167:Src/stm32f4xx_it.c ****   /* USER CODE END PendSV_IRQn 0 */
 168:Src/stm32f4xx_it.c ****   /* USER CODE BEGIN PendSV_IRQn 1 */
 169:Src/stm32f4xx_it.c **** 
 170:Src/stm32f4xx_it.c ****   /* USER CODE END PendSV_IRQn 1 */
 171:Src/stm32f4xx_it.c **** }
 172:Src/stm32f4xx_it.c **** 
ARM GAS  /tmp/ccNICeNr.s 			page 7


 173:Src/stm32f4xx_it.c **** /**
 174:Src/stm32f4xx_it.c **** * @brief This function handles System tick timer.
 175:Src/stm32f4xx_it.c **** */
 176:Src/stm32f4xx_it.c **** void SysTick_Handler(void)
 177:Src/stm32f4xx_it.c **** {
 188              		.loc 1 177 0
 189              		.cfi_startproc
 190              		@ args = 0, pretend = 0, frame = 0
 191              		@ frame_needed = 0, uses_anonymous_args = 0
 192              		.loc 1 177 0
 193 0000 08B5     		push	{r3, lr}
 194              	.LCFI0:
 195              		.cfi_def_cfa_offset 8
 196              		.cfi_offset 3, -8
 197              		.cfi_offset 14, -4
 178:Src/stm32f4xx_it.c ****   /* USER CODE BEGIN SysTick_IRQn 0 */
 179:Src/stm32f4xx_it.c **** 
 180:Src/stm32f4xx_it.c ****   /* USER CODE END SysTick_IRQn 0 */
 181:Src/stm32f4xx_it.c ****   HAL_IncTick();
 198              		.loc 1 181 0
 199 0002 FFF7FEFF 		bl	HAL_IncTick
 200              	.LVL0:
 182:Src/stm32f4xx_it.c ****   HAL_SYSTICK_IRQHandler();
 201              		.loc 1 182 0
 202 0006 FFF7FEFF 		bl	HAL_SYSTICK_IRQHandler
 203              	.LVL1:
 204 000a 08BD     		pop	{r3, pc}
 205              		.cfi_endproc
 206              	.LFE131:
 208              		.section	.text.PVD_IRQHandler,"ax",%progbits
 209              		.align	1
 210              		.global	PVD_IRQHandler
 211              		.syntax unified
 212              		.thumb
 213              		.thumb_func
 214              		.fpu fpv4-sp-d16
 216              	PVD_IRQHandler:
 217              	.LFB132:
 183:Src/stm32f4xx_it.c ****   /* USER CODE BEGIN SysTick_IRQn 1 */
 184:Src/stm32f4xx_it.c **** 
 185:Src/stm32f4xx_it.c ****   /* USER CODE END SysTick_IRQn 1 */
 186:Src/stm32f4xx_it.c **** }
 187:Src/stm32f4xx_it.c **** 
 188:Src/stm32f4xx_it.c **** /******************************************************************************/
 189:Src/stm32f4xx_it.c **** /* STM32F4xx Peripheral Interrupt Handlers                                    */
 190:Src/stm32f4xx_it.c **** /* Add here the Interrupt Handlers for the used peripherals.                  */
 191:Src/stm32f4xx_it.c **** /* For the available peripheral interrupt handler names,                      */
 192:Src/stm32f4xx_it.c **** /* please refer to the startup file (startup_stm32f4xx.s).                    */
 193:Src/stm32f4xx_it.c **** /******************************************************************************/
 194:Src/stm32f4xx_it.c **** 
 195:Src/stm32f4xx_it.c **** /**
 196:Src/stm32f4xx_it.c **** * @brief This function handles PVD interrupt through EXTI line 16.
 197:Src/stm32f4xx_it.c **** */
 198:Src/stm32f4xx_it.c **** void PVD_IRQHandler(void)
 199:Src/stm32f4xx_it.c **** {
 218              		.loc 1 199 0
 219              		.cfi_startproc
ARM GAS  /tmp/ccNICeNr.s 			page 8


 220              		@ args = 0, pretend = 0, frame = 0
 221              		@ frame_needed = 0, uses_anonymous_args = 0
 222 0000 08B5     		push	{r3, lr}
 223              	.LCFI1:
 224              		.cfi_def_cfa_offset 8
 225              		.cfi_offset 3, -8
 226              		.cfi_offset 14, -4
 200:Src/stm32f4xx_it.c ****   /* USER CODE BEGIN PVD_IRQn 0 */
 201:Src/stm32f4xx_it.c **** 
 202:Src/stm32f4xx_it.c ****   /* USER CODE END PVD_IRQn 0 */
 203:Src/stm32f4xx_it.c ****   HAL_PWR_PVD_IRQHandler();
 227              		.loc 1 203 0
 228 0002 FFF7FEFF 		bl	HAL_PWR_PVD_IRQHandler
 229              	.LVL2:
 230 0006 08BD     		pop	{r3, pc}
 231              		.cfi_endproc
 232              	.LFE132:
 234              		.section	.text.FLASH_IRQHandler,"ax",%progbits
 235              		.align	1
 236              		.global	FLASH_IRQHandler
 237              		.syntax unified
 238              		.thumb
 239              		.thumb_func
 240              		.fpu fpv4-sp-d16
 242              	FLASH_IRQHandler:
 243              	.LFB133:
 204:Src/stm32f4xx_it.c ****   /* USER CODE BEGIN PVD_IRQn 1 */
 205:Src/stm32f4xx_it.c **** 
 206:Src/stm32f4xx_it.c ****   /* USER CODE END PVD_IRQn 1 */
 207:Src/stm32f4xx_it.c **** }
 208:Src/stm32f4xx_it.c **** 
 209:Src/stm32f4xx_it.c **** /**
 210:Src/stm32f4xx_it.c **** * @brief This function handles Flash global interrupt.
 211:Src/stm32f4xx_it.c **** */
 212:Src/stm32f4xx_it.c **** void FLASH_IRQHandler(void)
 213:Src/stm32f4xx_it.c **** {
 244              		.loc 1 213 0
 245              		.cfi_startproc
 246              		@ args = 0, pretend = 0, frame = 0
 247              		@ frame_needed = 0, uses_anonymous_args = 0
 248 0000 08B5     		push	{r3, lr}
 249              	.LCFI2:
 250              		.cfi_def_cfa_offset 8
 251              		.cfi_offset 3, -8
 252              		.cfi_offset 14, -4
 214:Src/stm32f4xx_it.c ****   /* USER CODE BEGIN FLASH_IRQn 0 */
 215:Src/stm32f4xx_it.c **** 
 216:Src/stm32f4xx_it.c ****   /* USER CODE END FLASH_IRQn 0 */
 217:Src/stm32f4xx_it.c ****   HAL_FLASH_IRQHandler();
 253              		.loc 1 217 0
 254 0002 FFF7FEFF 		bl	HAL_FLASH_IRQHandler
 255              	.LVL3:
 256 0006 08BD     		pop	{r3, pc}
 257              		.cfi_endproc
 258              	.LFE133:
 260              		.section	.text.RCC_IRQHandler,"ax",%progbits
 261              		.align	1
ARM GAS  /tmp/ccNICeNr.s 			page 9


 262              		.global	RCC_IRQHandler
 263              		.syntax unified
 264              		.thumb
 265              		.thumb_func
 266              		.fpu fpv4-sp-d16
 268              	RCC_IRQHandler:
 269              	.LFB134:
 218:Src/stm32f4xx_it.c ****   /* USER CODE BEGIN FLASH_IRQn 1 */
 219:Src/stm32f4xx_it.c **** 
 220:Src/stm32f4xx_it.c ****   /* USER CODE END FLASH_IRQn 1 */
 221:Src/stm32f4xx_it.c **** }
 222:Src/stm32f4xx_it.c **** 
 223:Src/stm32f4xx_it.c **** /**
 224:Src/stm32f4xx_it.c **** * @brief This function handles RCC global interrupt.
 225:Src/stm32f4xx_it.c **** */
 226:Src/stm32f4xx_it.c **** void RCC_IRQHandler(void)
 227:Src/stm32f4xx_it.c **** {
 270              		.loc 1 227 0
 271              		.cfi_startproc
 272              		@ args = 0, pretend = 0, frame = 0
 273              		@ frame_needed = 0, uses_anonymous_args = 0
 274              		@ link register save eliminated.
 275 0000 7047     		bx	lr
 276              		.cfi_endproc
 277              	.LFE134:
 279              		.section	.text.EXTI0_IRQHandler,"ax",%progbits
 280              		.align	1
 281              		.global	EXTI0_IRQHandler
 282              		.syntax unified
 283              		.thumb
 284              		.thumb_func
 285              		.fpu fpv4-sp-d16
 287              	EXTI0_IRQHandler:
 288              	.LFB135:
 228:Src/stm32f4xx_it.c ****   /* USER CODE BEGIN RCC_IRQn 0 */
 229:Src/stm32f4xx_it.c **** 
 230:Src/stm32f4xx_it.c ****   /* USER CODE END RCC_IRQn 0 */
 231:Src/stm32f4xx_it.c ****   /* USER CODE BEGIN RCC_IRQn 1 */
 232:Src/stm32f4xx_it.c **** 
 233:Src/stm32f4xx_it.c ****   /* USER CODE END RCC_IRQn 1 */
 234:Src/stm32f4xx_it.c **** }
 235:Src/stm32f4xx_it.c **** 
 236:Src/stm32f4xx_it.c **** /**
 237:Src/stm32f4xx_it.c **** * @brief This function handles EXTI line0 interrupt.
 238:Src/stm32f4xx_it.c **** */
 239:Src/stm32f4xx_it.c **** void EXTI0_IRQHandler(void)
 240:Src/stm32f4xx_it.c **** {
 289              		.loc 1 240 0
 290              		.cfi_startproc
 291              		@ args = 0, pretend = 0, frame = 0
 292              		@ frame_needed = 0, uses_anonymous_args = 0
 293              		.loc 1 240 0
 294 0000 08B5     		push	{r3, lr}
 295              	.LCFI3:
 296              		.cfi_def_cfa_offset 8
 297              		.cfi_offset 3, -8
 298              		.cfi_offset 14, -4
ARM GAS  /tmp/ccNICeNr.s 			page 10


 241:Src/stm32f4xx_it.c ****   /* USER CODE BEGIN EXTI0_IRQn 0 */
 242:Src/stm32f4xx_it.c **** 
 243:Src/stm32f4xx_it.c ****   /* USER CODE END EXTI0_IRQn 0 */
 244:Src/stm32f4xx_it.c ****   HAL_GPIO_EXTI_IRQHandler(GPIO_PIN_0);
 299              		.loc 1 244 0
 300 0002 0120     		movs	r0, #1
 301 0004 FFF7FEFF 		bl	HAL_GPIO_EXTI_IRQHandler
 302              	.LVL4:
 303 0008 08BD     		pop	{r3, pc}
 304              		.cfi_endproc
 305              	.LFE135:
 307              		.section	.text.TIM5_IRQHandler,"ax",%progbits
 308              		.align	1
 309              		.global	TIM5_IRQHandler
 310              		.syntax unified
 311              		.thumb
 312              		.thumb_func
 313              		.fpu fpv4-sp-d16
 315              	TIM5_IRQHandler:
 316              	.LFB136:
 245:Src/stm32f4xx_it.c ****   /* USER CODE BEGIN EXTI0_IRQn 1 */
 246:Src/stm32f4xx_it.c **** 
 247:Src/stm32f4xx_it.c ****   /* USER CODE END EXTI0_IRQn 1 */
 248:Src/stm32f4xx_it.c **** }
 249:Src/stm32f4xx_it.c **** 
 250:Src/stm32f4xx_it.c **** /**
 251:Src/stm32f4xx_it.c **** * @brief This function handles TIM5 global interrupt.
 252:Src/stm32f4xx_it.c **** */
 253:Src/stm32f4xx_it.c **** void TIM5_IRQHandler(void)
 254:Src/stm32f4xx_it.c **** {
 317              		.loc 1 254 0
 318              		.cfi_startproc
 319              		@ args = 0, pretend = 0, frame = 0
 320              		@ frame_needed = 0, uses_anonymous_args = 0
 321 0000 70B5     		push	{r4, r5, r6, lr}
 322              	.LCFI4:
 323              		.cfi_def_cfa_offset 16
 324              		.cfi_offset 4, -16
 325              		.cfi_offset 5, -12
 326              		.cfi_offset 6, -8
 327              		.cfi_offset 14, -4
 255:Src/stm32f4xx_it.c ****   /* USER CODE BEGIN TIM5_IRQn 0 */
 256:Src/stm32f4xx_it.c **** 
 257:Src/stm32f4xx_it.c ****   /* USER CODE END TIM5_IRQn 0 */
 258:Src/stm32f4xx_it.c ****   HAL_TIM_IRQHandler(&htim5);
 328              		.loc 1 258 0
 329 0002 0F4E     		ldr	r6, .L25
 330 0004 3046     		mov	r0, r6
 331 0006 FFF7FEFF 		bl	HAL_TIM_IRQHandler
 332              	.LVL5:
 259:Src/stm32f4xx_it.c ****   /* USER CODE BEGIN TIM5_IRQn 1 */
 260:Src/stm32f4xx_it.c ****   {
 261:Src/stm32f4xx_it.c ****     /* Get the Input Capture value */
 262:Src/stm32f4xx_it.c ****     tmpCC4[uwCaptureNumber++] = HAL_TIM_ReadCapturedValue(&htim5, TIM_CHANNEL_4);
 333              		.loc 1 262 0
 334 000a 0E4C     		ldr	r4, .L25+4
 335 000c 2568     		ldr	r5, [r4]
ARM GAS  /tmp/ccNICeNr.s 			page 11


 336 000e 6B1C     		adds	r3, r5, #1
 337 0010 2360     		str	r3, [r4]
 338 0012 0C21     		movs	r1, #12
 339 0014 3046     		mov	r0, r6
 340 0016 FFF7FEFF 		bl	HAL_TIM_ReadCapturedValue
 341              	.LVL6:
 342 001a 0B4B     		ldr	r3, .L25+8
 343 001c 23F81500 		strh	r0, [r3, r5, lsl #1]	@ movhi
 263:Src/stm32f4xx_it.c **** 
 264:Src/stm32f4xx_it.c ****     if (uwCaptureNumber >= 2)
 344              		.loc 1 264 0
 345 0020 2368     		ldr	r3, [r4]
 346 0022 012B     		cmp	r3, #1
 347 0024 0BD9     		bls	.L22
 265:Src/stm32f4xx_it.c ****     {
 266:Src/stm32f4xx_it.c ****       /* Compute the period length */
 267:Src/stm32f4xx_it.c ****       uwPeriodValue = (uint16_t)(0xFFFF - tmpCC4[0] + tmpCC4[1] +1);
 348              		.loc 1 267 0
 349 0026 084A     		ldr	r2, .L25+8
 350 0028 5388     		ldrh	r3, [r2, #2]
 351 002a 1288     		ldrh	r2, [r2]
 352 002c 9B1A     		subs	r3, r3, r2
 353 002e 9BB2     		uxth	r3, r3
 354 0030 064A     		ldr	r2, .L25+12
 355 0032 1360     		str	r3, [r2]
 268:Src/stm32f4xx_it.c ****       uwMeasurementDone = 1;
 356              		.loc 1 268 0
 357 0034 0122     		movs	r2, #1
 358 0036 064B     		ldr	r3, .L25+16
 359 0038 1A60     		str	r2, [r3]
 269:Src/stm32f4xx_it.c ****       uwCaptureNumber = 0;
 360              		.loc 1 269 0
 361 003a 0022     		movs	r2, #0
 362 003c 2260     		str	r2, [r4]
 363              	.L22:
 364 003e 70BD     		pop	{r4, r5, r6, pc}
 365              	.L26:
 366              		.align	2
 367              	.L25:
 368 0040 00000000 		.word	htim5
 369 0044 00000000 		.word	uwCaptureNumber
 370 0048 00000000 		.word	.LANCHOR0
 371 004c 00000000 		.word	uwPeriodValue
 372 0050 00000000 		.word	uwMeasurementDone
 373              		.cfi_endproc
 374              	.LFE136:
 376              		.global	tmpCC4
 377              		.section	.bss.tmpCC4,"aw",%nobits
 378              		.align	2
 379              		.set	.LANCHOR0,. + 0
 382              	tmpCC4:
 383 0000 00000000 		.space	4
 384              		.text
 385              	.Letext0:
 386              		.file 2 "/home/saicharan/arm/arm-none-eabi/include/machine/_default_types.h"
 387              		.file 3 "/home/saicharan/arm/arm-none-eabi/include/stdint.h"
 388              		.file 4 "Drivers/CMSIS/Include/core_cm4.h"
ARM GAS  /tmp/ccNICeNr.s 			page 12


 389              		.file 5 "Drivers/CMSIS/Device/ST/STM32F4xx/Include/system_stm32f4xx.h"
 390              		.file 6 "Drivers/CMSIS/Device/ST/STM32F4xx/Include/stm32f407xx.h"
 391              		.file 7 "/home/saicharan/arm/arm-none-eabi/include/sys/lock.h"
 392              		.file 8 "/home/saicharan/arm/arm-none-eabi/include/sys/_types.h"
 393              		.file 9 "/home/saicharan/arm/lib/gcc/arm-none-eabi/6.3.0/include/stddef.h"
 394              		.file 10 "/home/saicharan/arm/arm-none-eabi/include/sys/reent.h"
 395              		.file 11 "Drivers/STM32F4xx_HAL_Driver/Inc/stm32f4xx_hal_def.h"
 396              		.file 12 "Drivers/STM32F4xx_HAL_Driver/Inc/stm32f4xx_hal_dma.h"
 397              		.file 13 "Drivers/STM32F4xx_HAL_Driver/Inc/stm32f4xx_hal_tim.h"
 398              		.file 14 "Drivers/STM32F4xx_HAL_Driver/Inc/stm32f4xx_hal_gpio.h"
 399              		.file 15 "Drivers/STM32F4xx_HAL_Driver/Inc/stm32f4xx_hal_flash.h"
 400              		.file 16 "Drivers/STM32F4xx_HAL_Driver/Inc/stm32f4xx_hal_pwr.h"
 401              		.file 17 "Drivers/STM32F4xx_HAL_Driver/Inc/stm32f4xx_hal.h"
 402              		.file 18 "Drivers/STM32F4xx_HAL_Driver/Inc/stm32f4xx_hal_cortex.h"
ARM GAS  /tmp/ccNICeNr.s 			page 13


DEFINED SYMBOLS
                            *ABS*:0000000000000000 stm32f4xx_it.c
     /tmp/ccNICeNr.s:18     .text.NMI_Handler:0000000000000000 $t
     /tmp/ccNICeNr.s:25     .text.NMI_Handler:0000000000000000 NMI_Handler
     /tmp/ccNICeNr.s:38     .text.HardFault_Handler:0000000000000000 $t
     /tmp/ccNICeNr.s:45     .text.HardFault_Handler:0000000000000000 HardFault_Handler
     /tmp/ccNICeNr.s:59     .text.MemManage_Handler:0000000000000000 $t
     /tmp/ccNICeNr.s:66     .text.MemManage_Handler:0000000000000000 MemManage_Handler
     /tmp/ccNICeNr.s:80     .text.BusFault_Handler:0000000000000000 $t
     /tmp/ccNICeNr.s:87     .text.BusFault_Handler:0000000000000000 BusFault_Handler
     /tmp/ccNICeNr.s:101    .text.UsageFault_Handler:0000000000000000 $t
     /tmp/ccNICeNr.s:108    .text.UsageFault_Handler:0000000000000000 UsageFault_Handler
     /tmp/ccNICeNr.s:122    .text.SVC_Handler:0000000000000000 $t
     /tmp/ccNICeNr.s:129    .text.SVC_Handler:0000000000000000 SVC_Handler
     /tmp/ccNICeNr.s:141    .text.DebugMon_Handler:0000000000000000 $t
     /tmp/ccNICeNr.s:148    .text.DebugMon_Handler:0000000000000000 DebugMon_Handler
     /tmp/ccNICeNr.s:160    .text.PendSV_Handler:0000000000000000 $t
     /tmp/ccNICeNr.s:167    .text.PendSV_Handler:0000000000000000 PendSV_Handler
     /tmp/ccNICeNr.s:179    .text.SysTick_Handler:0000000000000000 $t
     /tmp/ccNICeNr.s:186    .text.SysTick_Handler:0000000000000000 SysTick_Handler
     /tmp/ccNICeNr.s:209    .text.PVD_IRQHandler:0000000000000000 $t
     /tmp/ccNICeNr.s:216    .text.PVD_IRQHandler:0000000000000000 PVD_IRQHandler
     /tmp/ccNICeNr.s:235    .text.FLASH_IRQHandler:0000000000000000 $t
     /tmp/ccNICeNr.s:242    .text.FLASH_IRQHandler:0000000000000000 FLASH_IRQHandler
     /tmp/ccNICeNr.s:261    .text.RCC_IRQHandler:0000000000000000 $t
     /tmp/ccNICeNr.s:268    .text.RCC_IRQHandler:0000000000000000 RCC_IRQHandler
     /tmp/ccNICeNr.s:280    .text.EXTI0_IRQHandler:0000000000000000 $t
     /tmp/ccNICeNr.s:287    .text.EXTI0_IRQHandler:0000000000000000 EXTI0_IRQHandler
     /tmp/ccNICeNr.s:308    .text.TIM5_IRQHandler:0000000000000000 $t
     /tmp/ccNICeNr.s:315    .text.TIM5_IRQHandler:0000000000000000 TIM5_IRQHandler
     /tmp/ccNICeNr.s:368    .text.TIM5_IRQHandler:0000000000000040 $d
     /tmp/ccNICeNr.s:382    .bss.tmpCC4:0000000000000000 tmpCC4
     /tmp/ccNICeNr.s:378    .bss.tmpCC4:0000000000000000 $d
                     .debug_frame:0000000000000010 $d

UNDEFINED SYMBOLS
HAL_IncTick
HAL_SYSTICK_IRQHandler
HAL_PWR_PVD_IRQHandler
HAL_FLASH_IRQHandler
HAL_GPIO_EXTI_IRQHandler
HAL_TIM_IRQHandler
HAL_TIM_ReadCapturedValue
htim5
uwCaptureNumber
uwPeriodValue
uwMeasurementDone
