ARM GAS  /tmp/cczOLJkT.s 			page 1


   1              		.cpu cortex-m4
   2              		.eabi_attribute 27, 1
   3              		.eabi_attribute 28, 1
   4              		.eabi_attribute 20, 1
   5              		.eabi_attribute 21, 1
   6              		.eabi_attribute 23, 3
   7              		.eabi_attribute 24, 1
   8              		.eabi_attribute 25, 1
   9              		.eabi_attribute 26, 1
  10              		.eabi_attribute 30, 1
  11              		.eabi_attribute 34, 1
  12              		.eabi_attribute 18, 4
  13              		.file	"stm32f4xx_hal_msp.c"
  14              		.text
  15              	.Ltext0:
  16              		.cfi_sections	.debug_frame
  17              		.section	.text.HAL_MspInit,"ax",%progbits
  18              		.align	1
  19              		.global	HAL_MspInit
  20              		.syntax unified
  21              		.thumb
  22              		.thumb_func
  23              		.fpu fpv4-sp-d16
  25              	HAL_MspInit:
  26              	.LFB123:
  27              		.file 1 "Src/stm32f4xx_hal_msp.c"
   1:Src/stm32f4xx_hal_msp.c **** /**
   2:Src/stm32f4xx_hal_msp.c ****   ******************************************************************************
   3:Src/stm32f4xx_hal_msp.c ****   * File Name          : stm32f4xx_hal_msp.c
   4:Src/stm32f4xx_hal_msp.c ****   * Description        : This file provides code for the MSP Initialization 
   5:Src/stm32f4xx_hal_msp.c ****   *                      and de-Initialization codes.
   6:Src/stm32f4xx_hal_msp.c ****   ******************************************************************************
   7:Src/stm32f4xx_hal_msp.c ****   ** This notice applies to any and all portions of this file
   8:Src/stm32f4xx_hal_msp.c ****   * that are not between comment pairs USER CODE BEGIN and
   9:Src/stm32f4xx_hal_msp.c ****   * USER CODE END. Other portions of this file, whether 
  10:Src/stm32f4xx_hal_msp.c ****   * inserted by the user or by software development tools
  11:Src/stm32f4xx_hal_msp.c ****   * are owned by their respective copyright owners.
  12:Src/stm32f4xx_hal_msp.c ****   *
  13:Src/stm32f4xx_hal_msp.c ****   * COPYRIGHT(c) 2017 STMicroelectronics
  14:Src/stm32f4xx_hal_msp.c ****   *
  15:Src/stm32f4xx_hal_msp.c ****   * Redistribution and use in source and binary forms, with or without modification,
  16:Src/stm32f4xx_hal_msp.c ****   * are permitted provided that the following conditions are met:
  17:Src/stm32f4xx_hal_msp.c ****   *   1. Redistributions of source code must retain the above copyright notice,
  18:Src/stm32f4xx_hal_msp.c ****   *      this list of conditions and the following disclaimer.
  19:Src/stm32f4xx_hal_msp.c ****   *   2. Redistributions in binary form must reproduce the above copyright notice,
  20:Src/stm32f4xx_hal_msp.c ****   *      this list of conditions and the following disclaimer in the documentation
  21:Src/stm32f4xx_hal_msp.c ****   *      and/or other materials provided with the distribution.
  22:Src/stm32f4xx_hal_msp.c ****   *   3. Neither the name of STMicroelectronics nor the names of its contributors
  23:Src/stm32f4xx_hal_msp.c ****   *      may be used to endorse or promote products derived from this software
  24:Src/stm32f4xx_hal_msp.c ****   *      without specific prior written permission.
  25:Src/stm32f4xx_hal_msp.c ****   *
  26:Src/stm32f4xx_hal_msp.c ****   * THIS SOFTWARE IS PROVIDED BY THE COPYRIGHT HOLDERS AND CONTRIBUTORS "AS IS"
  27:Src/stm32f4xx_hal_msp.c ****   * AND ANY EXPRESS OR IMPLIED WARRANTIES, INCLUDING, BUT NOT LIMITED TO, THE
  28:Src/stm32f4xx_hal_msp.c ****   * IMPLIED WARRANTIES OF MERCHANTABILITY AND FITNESS FOR A PARTICULAR PURPOSE ARE
  29:Src/stm32f4xx_hal_msp.c ****   * DISCLAIMED. IN NO EVENT SHALL THE COPYRIGHT HOLDER OR CONTRIBUTORS BE LIABLE
  30:Src/stm32f4xx_hal_msp.c ****   * FOR ANY DIRECT, INDIRECT, INCIDENTAL, SPECIAL, EXEMPLARY, OR CONSEQUENTIAL
  31:Src/stm32f4xx_hal_msp.c ****   * DAMAGES (INCLUDING, BUT NOT LIMITED TO, PROCUREMENT OF SUBSTITUTE GOODS OR
ARM GAS  /tmp/cczOLJkT.s 			page 2


  32:Src/stm32f4xx_hal_msp.c ****   * SERVICES; LOSS OF USE, DATA, OR PROFITS; OR BUSINESS INTERRUPTION) HOWEVER
  33:Src/stm32f4xx_hal_msp.c ****   * CAUSED AND ON ANY THEORY OF LIABILITY, WHETHER IN CONTRACT, STRICT LIABILITY,
  34:Src/stm32f4xx_hal_msp.c ****   * OR TORT (INCLUDING NEGLIGENCE OR OTHERWISE) ARISING IN ANY WAY OUT OF THE USE
  35:Src/stm32f4xx_hal_msp.c ****   * OF THIS SOFTWARE, EVEN IF ADVISED OF THE POSSIBILITY OF SUCH DAMAGE.
  36:Src/stm32f4xx_hal_msp.c ****   *
  37:Src/stm32f4xx_hal_msp.c ****   ******************************************************************************
  38:Src/stm32f4xx_hal_msp.c ****   */
  39:Src/stm32f4xx_hal_msp.c **** /* Includes ------------------------------------------------------------------*/
  40:Src/stm32f4xx_hal_msp.c **** #include "stm32f4xx_hal.h"
  41:Src/stm32f4xx_hal_msp.c **** 
  42:Src/stm32f4xx_hal_msp.c **** extern void _Error_Handler(char *, int);
  43:Src/stm32f4xx_hal_msp.c **** /* USER CODE BEGIN 0 */
  44:Src/stm32f4xx_hal_msp.c **** 
  45:Src/stm32f4xx_hal_msp.c **** /* USER CODE END 0 */
  46:Src/stm32f4xx_hal_msp.c **** /**
  47:Src/stm32f4xx_hal_msp.c ****   * Initializes the Global MSP.
  48:Src/stm32f4xx_hal_msp.c ****   */
  49:Src/stm32f4xx_hal_msp.c **** void HAL_MspInit(void)
  50:Src/stm32f4xx_hal_msp.c **** {
  28              		.loc 1 50 0
  29              		.cfi_startproc
  30              		@ args = 0, pretend = 0, frame = 0
  31              		@ frame_needed = 0, uses_anonymous_args = 0
  32 0000 08B5     		push	{r3, lr}
  33              	.LCFI0:
  34              		.cfi_def_cfa_offset 8
  35              		.cfi_offset 3, -8
  36              		.cfi_offset 14, -4
  51:Src/stm32f4xx_hal_msp.c ****   /* USER CODE BEGIN MspInit 0 */
  52:Src/stm32f4xx_hal_msp.c **** 
  53:Src/stm32f4xx_hal_msp.c ****   /* USER CODE END MspInit 0 */
  54:Src/stm32f4xx_hal_msp.c **** 
  55:Src/stm32f4xx_hal_msp.c ****   HAL_NVIC_SetPriorityGrouping(NVIC_PRIORITYGROUP_4);
  37              		.loc 1 55 0
  38 0002 0320     		movs	r0, #3
  39 0004 FFF7FEFF 		bl	HAL_NVIC_SetPriorityGrouping
  40              	.LVL0:
  56:Src/stm32f4xx_hal_msp.c **** 
  57:Src/stm32f4xx_hal_msp.c ****   /* System interrupt init*/
  58:Src/stm32f4xx_hal_msp.c ****   /* MemoryManagement_IRQn interrupt configuration */
  59:Src/stm32f4xx_hal_msp.c ****   HAL_NVIC_SetPriority(MemoryManagement_IRQn, 0, 0);
  41              		.loc 1 59 0
  42 0008 0022     		movs	r2, #0
  43 000a 1146     		mov	r1, r2
  44 000c 6FF00B00 		mvn	r0, #11
  45 0010 FFF7FEFF 		bl	HAL_NVIC_SetPriority
  46              	.LVL1:
  60:Src/stm32f4xx_hal_msp.c ****   /* BusFault_IRQn interrupt configuration */
  61:Src/stm32f4xx_hal_msp.c ****   HAL_NVIC_SetPriority(BusFault_IRQn, 0, 0);
  47              		.loc 1 61 0
  48 0014 0022     		movs	r2, #0
  49 0016 1146     		mov	r1, r2
  50 0018 6FF00A00 		mvn	r0, #10
  51 001c FFF7FEFF 		bl	HAL_NVIC_SetPriority
  52              	.LVL2:
  62:Src/stm32f4xx_hal_msp.c ****   /* UsageFault_IRQn interrupt configuration */
  63:Src/stm32f4xx_hal_msp.c ****   HAL_NVIC_SetPriority(UsageFault_IRQn, 0, 0);
ARM GAS  /tmp/cczOLJkT.s 			page 3


  53              		.loc 1 63 0
  54 0020 0022     		movs	r2, #0
  55 0022 1146     		mov	r1, r2
  56 0024 6FF00900 		mvn	r0, #9
  57 0028 FFF7FEFF 		bl	HAL_NVIC_SetPriority
  58              	.LVL3:
  64:Src/stm32f4xx_hal_msp.c ****   /* SVCall_IRQn interrupt configuration */
  65:Src/stm32f4xx_hal_msp.c ****   HAL_NVIC_SetPriority(SVCall_IRQn, 0, 0);
  59              		.loc 1 65 0
  60 002c 0022     		movs	r2, #0
  61 002e 1146     		mov	r1, r2
  62 0030 6FF00400 		mvn	r0, #4
  63 0034 FFF7FEFF 		bl	HAL_NVIC_SetPriority
  64              	.LVL4:
  66:Src/stm32f4xx_hal_msp.c ****   /* DebugMonitor_IRQn interrupt configuration */
  67:Src/stm32f4xx_hal_msp.c ****   HAL_NVIC_SetPriority(DebugMonitor_IRQn, 0, 0);
  65              		.loc 1 67 0
  66 0038 0022     		movs	r2, #0
  67 003a 1146     		mov	r1, r2
  68 003c 6FF00300 		mvn	r0, #3
  69 0040 FFF7FEFF 		bl	HAL_NVIC_SetPriority
  70              	.LVL5:
  68:Src/stm32f4xx_hal_msp.c ****   /* PendSV_IRQn interrupt configuration */
  69:Src/stm32f4xx_hal_msp.c ****   HAL_NVIC_SetPriority(PendSV_IRQn, 0, 0);
  71              		.loc 1 69 0
  72 0044 0022     		movs	r2, #0
  73 0046 1146     		mov	r1, r2
  74 0048 6FF00100 		mvn	r0, #1
  75 004c FFF7FEFF 		bl	HAL_NVIC_SetPriority
  76              	.LVL6:
  70:Src/stm32f4xx_hal_msp.c ****   /* SysTick_IRQn interrupt configuration */
  71:Src/stm32f4xx_hal_msp.c ****   HAL_NVIC_SetPriority(SysTick_IRQn, 0, 0);
  77              		.loc 1 71 0
  78 0050 0022     		movs	r2, #0
  79 0052 1146     		mov	r1, r2
  80 0054 4FF0FF30 		mov	r0, #-1
  81 0058 FFF7FEFF 		bl	HAL_NVIC_SetPriority
  82              	.LVL7:
  72:Src/stm32f4xx_hal_msp.c **** 
  73:Src/stm32f4xx_hal_msp.c ****   /* Peripheral interrupt init */
  74:Src/stm32f4xx_hal_msp.c ****   /* PVD_IRQn interrupt configuration */
  75:Src/stm32f4xx_hal_msp.c ****   HAL_NVIC_SetPriority(PVD_IRQn, 0, 0);
  83              		.loc 1 75 0
  84 005c 0022     		movs	r2, #0
  85 005e 1146     		mov	r1, r2
  86 0060 0120     		movs	r0, #1
  87 0062 FFF7FEFF 		bl	HAL_NVIC_SetPriority
  88              	.LVL8:
  76:Src/stm32f4xx_hal_msp.c ****   HAL_NVIC_EnableIRQ(PVD_IRQn);
  89              		.loc 1 76 0
  90 0066 0120     		movs	r0, #1
  91 0068 FFF7FEFF 		bl	HAL_NVIC_EnableIRQ
  92              	.LVL9:
  77:Src/stm32f4xx_hal_msp.c ****   /* FLASH_IRQn interrupt configuration */
  78:Src/stm32f4xx_hal_msp.c ****   HAL_NVIC_SetPriority(FLASH_IRQn, 0, 0);
  93              		.loc 1 78 0
  94 006c 0022     		movs	r2, #0
ARM GAS  /tmp/cczOLJkT.s 			page 4


  95 006e 1146     		mov	r1, r2
  96 0070 0420     		movs	r0, #4
  97 0072 FFF7FEFF 		bl	HAL_NVIC_SetPriority
  98              	.LVL10:
  79:Src/stm32f4xx_hal_msp.c ****   HAL_NVIC_EnableIRQ(FLASH_IRQn);
  99              		.loc 1 79 0
 100 0076 0420     		movs	r0, #4
 101 0078 FFF7FEFF 		bl	HAL_NVIC_EnableIRQ
 102              	.LVL11:
  80:Src/stm32f4xx_hal_msp.c ****   /* RCC_IRQn interrupt configuration */
  81:Src/stm32f4xx_hal_msp.c ****   HAL_NVIC_SetPriority(RCC_IRQn, 0, 0);
 103              		.loc 1 81 0
 104 007c 0022     		movs	r2, #0
 105 007e 1146     		mov	r1, r2
 106 0080 0520     		movs	r0, #5
 107 0082 FFF7FEFF 		bl	HAL_NVIC_SetPriority
 108              	.LVL12:
  82:Src/stm32f4xx_hal_msp.c ****   HAL_NVIC_EnableIRQ(RCC_IRQn);
 109              		.loc 1 82 0
 110 0086 0520     		movs	r0, #5
 111 0088 FFF7FEFF 		bl	HAL_NVIC_EnableIRQ
 112              	.LVL13:
 113 008c 08BD     		pop	{r3, pc}
 114              		.cfi_endproc
 115              	.LFE123:
 117              		.section	.text.HAL_TIM_Base_MspInit,"ax",%progbits
 118              		.align	1
 119              		.global	HAL_TIM_Base_MspInit
 120              		.syntax unified
 121              		.thumb
 122              		.thumb_func
 123              		.fpu fpv4-sp-d16
 125              	HAL_TIM_Base_MspInit:
 126              	.LFB124:
  83:Src/stm32f4xx_hal_msp.c **** 
  84:Src/stm32f4xx_hal_msp.c ****   /* USER CODE BEGIN MspInit 1 */
  85:Src/stm32f4xx_hal_msp.c **** 
  86:Src/stm32f4xx_hal_msp.c ****   /* USER CODE END MspInit 1 */
  87:Src/stm32f4xx_hal_msp.c **** }
  88:Src/stm32f4xx_hal_msp.c **** 
  89:Src/stm32f4xx_hal_msp.c **** void HAL_TIM_Base_MspInit(TIM_HandleTypeDef* htim_base)
  90:Src/stm32f4xx_hal_msp.c **** {
 127              		.loc 1 90 0
 128              		.cfi_startproc
 129              		@ args = 0, pretend = 0, frame = 8
 130              		@ frame_needed = 0, uses_anonymous_args = 0
 131              	.LVL14:
  91:Src/stm32f4xx_hal_msp.c **** 
  92:Src/stm32f4xx_hal_msp.c ****   if(htim_base->Instance==TIM5)
 132              		.loc 1 92 0
 133 0000 0268     		ldr	r2, [r0]
 134 0002 0E4B     		ldr	r3, .L10
 135 0004 9A42     		cmp	r2, r3
 136 0006 00D0     		beq	.L9
 137 0008 7047     		bx	lr
 138              	.L9:
  90:Src/stm32f4xx_hal_msp.c **** 
ARM GAS  /tmp/cczOLJkT.s 			page 5


 139              		.loc 1 90 0
 140 000a 00B5     		push	{lr}
 141              	.LCFI1:
 142              		.cfi_def_cfa_offset 4
 143              		.cfi_offset 14, -4
 144 000c 83B0     		sub	sp, sp, #12
 145              	.LCFI2:
 146              		.cfi_def_cfa_offset 16
 147              	.LBB2:
  93:Src/stm32f4xx_hal_msp.c ****   {
  94:Src/stm32f4xx_hal_msp.c ****   /* USER CODE BEGIN TIM5_MspInit 0 */
  95:Src/stm32f4xx_hal_msp.c **** 
  96:Src/stm32f4xx_hal_msp.c ****   /* USER CODE END TIM5_MspInit 0 */
  97:Src/stm32f4xx_hal_msp.c ****     /* Peripheral clock enable */
  98:Src/stm32f4xx_hal_msp.c ****     __HAL_RCC_TIM5_CLK_ENABLE();
 148              		.loc 1 98 0
 149 000e 0021     		movs	r1, #0
 150 0010 0191     		str	r1, [sp, #4]
 151 0012 03F50B33 		add	r3, r3, #142336
 152 0016 1A6C     		ldr	r2, [r3, #64]
 153 0018 42F00802 		orr	r2, r2, #8
 154 001c 1A64     		str	r2, [r3, #64]
 155 001e 1B6C     		ldr	r3, [r3, #64]
 156 0020 03F00803 		and	r3, r3, #8
 157 0024 0193     		str	r3, [sp, #4]
 158 0026 019B     		ldr	r3, [sp, #4]
 159              	.LBE2:
  99:Src/stm32f4xx_hal_msp.c ****     /* TIM5 interrupt Init */
 100:Src/stm32f4xx_hal_msp.c ****     HAL_NVIC_SetPriority(TIM5_IRQn, 0, 0);
 160              		.loc 1 100 0
 161 0028 0A46     		mov	r2, r1
 162 002a 3220     		movs	r0, #50
 163              	.LVL15:
 164 002c FFF7FEFF 		bl	HAL_NVIC_SetPriority
 165              	.LVL16:
 101:Src/stm32f4xx_hal_msp.c ****     HAL_NVIC_EnableIRQ(TIM5_IRQn);
 166              		.loc 1 101 0
 167 0030 3220     		movs	r0, #50
 168 0032 FFF7FEFF 		bl	HAL_NVIC_EnableIRQ
 169              	.LVL17:
 102:Src/stm32f4xx_hal_msp.c ****   /* USER CODE BEGIN TIM5_MspInit 1 */
 103:Src/stm32f4xx_hal_msp.c **** 
 104:Src/stm32f4xx_hal_msp.c ****   /* USER CODE END TIM5_MspInit 1 */
 105:Src/stm32f4xx_hal_msp.c ****   }
 106:Src/stm32f4xx_hal_msp.c **** 
 107:Src/stm32f4xx_hal_msp.c **** }
 170              		.loc 1 107 0
 171 0036 03B0     		add	sp, sp, #12
 172              	.LCFI3:
 173              		.cfi_def_cfa_offset 4
 174              		@ sp needed
 175 0038 5DF804FB 		ldr	pc, [sp], #4
 176              	.L11:
 177              		.align	2
 178              	.L10:
 179 003c 000C0040 		.word	1073744896
 180              		.cfi_endproc
ARM GAS  /tmp/cczOLJkT.s 			page 6


 181              	.LFE124:
 183              		.section	.text.HAL_TIM_Base_MspDeInit,"ax",%progbits
 184              		.align	1
 185              		.global	HAL_TIM_Base_MspDeInit
 186              		.syntax unified
 187              		.thumb
 188              		.thumb_func
 189              		.fpu fpv4-sp-d16
 191              	HAL_TIM_Base_MspDeInit:
 192              	.LFB125:
 108:Src/stm32f4xx_hal_msp.c **** 
 109:Src/stm32f4xx_hal_msp.c **** void HAL_TIM_Base_MspDeInit(TIM_HandleTypeDef* htim_base)
 110:Src/stm32f4xx_hal_msp.c **** {
 193              		.loc 1 110 0
 194              		.cfi_startproc
 195              		@ args = 0, pretend = 0, frame = 0
 196              		@ frame_needed = 0, uses_anonymous_args = 0
 197              	.LVL18:
 198 0000 08B5     		push	{r3, lr}
 199              	.LCFI4:
 200              		.cfi_def_cfa_offset 8
 201              		.cfi_offset 3, -8
 202              		.cfi_offset 14, -4
 111:Src/stm32f4xx_hal_msp.c **** 
 112:Src/stm32f4xx_hal_msp.c ****   if(htim_base->Instance==TIM5)
 203              		.loc 1 112 0
 204 0002 0268     		ldr	r2, [r0]
 205 0004 064B     		ldr	r3, .L16
 206 0006 9A42     		cmp	r2, r3
 207 0008 00D0     		beq	.L15
 208              	.LVL19:
 209              	.L12:
 210 000a 08BD     		pop	{r3, pc}
 211              	.LVL20:
 212              	.L15:
 113:Src/stm32f4xx_hal_msp.c ****   {
 114:Src/stm32f4xx_hal_msp.c ****   /* USER CODE BEGIN TIM5_MspDeInit 0 */
 115:Src/stm32f4xx_hal_msp.c **** 
 116:Src/stm32f4xx_hal_msp.c ****   /* USER CODE END TIM5_MspDeInit 0 */
 117:Src/stm32f4xx_hal_msp.c ****     /* Peripheral clock disable */
 118:Src/stm32f4xx_hal_msp.c ****     __HAL_RCC_TIM5_CLK_DISABLE();
 213              		.loc 1 118 0
 214 000c 054A     		ldr	r2, .L16+4
 215 000e 136C     		ldr	r3, [r2, #64]
 216 0010 23F00803 		bic	r3, r3, #8
 217 0014 1364     		str	r3, [r2, #64]
 119:Src/stm32f4xx_hal_msp.c **** 
 120:Src/stm32f4xx_hal_msp.c ****     /* TIM5 interrupt DeInit */
 121:Src/stm32f4xx_hal_msp.c ****     HAL_NVIC_DisableIRQ(TIM5_IRQn);
 218              		.loc 1 121 0
 219 0016 3220     		movs	r0, #50
 220              	.LVL21:
 221 0018 FFF7FEFF 		bl	HAL_NVIC_DisableIRQ
 222              	.LVL22:
 122:Src/stm32f4xx_hal_msp.c ****   /* USER CODE BEGIN TIM5_MspDeInit 1 */
 123:Src/stm32f4xx_hal_msp.c **** 
 124:Src/stm32f4xx_hal_msp.c ****   /* USER CODE END TIM5_MspDeInit 1 */
ARM GAS  /tmp/cczOLJkT.s 			page 7


 125:Src/stm32f4xx_hal_msp.c ****   }
 126:Src/stm32f4xx_hal_msp.c **** 
 127:Src/stm32f4xx_hal_msp.c **** }
 223              		.loc 1 127 0
 224 001c F5E7     		b	.L12
 225              	.L17:
 226 001e 00BF     		.align	2
 227              	.L16:
 228 0020 000C0040 		.word	1073744896
 229 0024 00380240 		.word	1073887232
 230              		.cfi_endproc
 231              	.LFE125:
 233              		.text
 234              	.Letext0:
 235              		.file 2 "/home/saicharan/arm/arm-none-eabi/include/machine/_default_types.h"
 236              		.file 3 "/home/saicharan/arm/arm-none-eabi/include/stdint.h"
 237              		.file 4 "Drivers/CMSIS/Include/core_cm4.h"
 238              		.file 5 "Drivers/CMSIS/Device/ST/STM32F4xx/Include/system_stm32f4xx.h"
 239              		.file 6 "Drivers/CMSIS/Device/ST/STM32F4xx/Include/stm32f407xx.h"
 240              		.file 7 "/home/saicharan/arm/arm-none-eabi/include/sys/lock.h"
 241              		.file 8 "/home/saicharan/arm/arm-none-eabi/include/sys/_types.h"
 242              		.file 9 "/home/saicharan/arm/lib/gcc/arm-none-eabi/6.3.0/include/stddef.h"
 243              		.file 10 "/home/saicharan/arm/arm-none-eabi/include/sys/reent.h"
 244              		.file 11 "Drivers/STM32F4xx_HAL_Driver/Inc/stm32f4xx_hal_def.h"
 245              		.file 12 "Drivers/STM32F4xx_HAL_Driver/Inc/stm32f4xx_hal_dma.h"
 246              		.file 13 "Drivers/STM32F4xx_HAL_Driver/Inc/stm32f4xx_hal_tim.h"
 247              		.file 14 "Drivers/STM32F4xx_HAL_Driver/Inc/stm32f4xx_hal_cortex.h"
ARM GAS  /tmp/cczOLJkT.s 			page 8


DEFINED SYMBOLS
                            *ABS*:0000000000000000 stm32f4xx_hal_msp.c
     /tmp/cczOLJkT.s:18     .text.HAL_MspInit:0000000000000000 $t
     /tmp/cczOLJkT.s:25     .text.HAL_MspInit:0000000000000000 HAL_MspInit
     /tmp/cczOLJkT.s:118    .text.HAL_TIM_Base_MspInit:0000000000000000 $t
     /tmp/cczOLJkT.s:125    .text.HAL_TIM_Base_MspInit:0000000000000000 HAL_TIM_Base_MspInit
     /tmp/cczOLJkT.s:179    .text.HAL_TIM_Base_MspInit:000000000000003c $d
     /tmp/cczOLJkT.s:184    .text.HAL_TIM_Base_MspDeInit:0000000000000000 $t
     /tmp/cczOLJkT.s:191    .text.HAL_TIM_Base_MspDeInit:0000000000000000 HAL_TIM_Base_MspDeInit
     /tmp/cczOLJkT.s:228    .text.HAL_TIM_Base_MspDeInit:0000000000000020 $d
                     .debug_frame:0000000000000010 $d

UNDEFINED SYMBOLS
HAL_NVIC_SetPriorityGrouping
HAL_NVIC_SetPriority
HAL_NVIC_EnableIRQ
HAL_NVIC_DisableIRQ
