ARM GAS  /tmp/ccDIYdpA.s 			page 1


   1              		.cpu cortex-m4
   2              		.eabi_attribute 27, 1
   3              		.eabi_attribute 28, 1
   4              		.eabi_attribute 20, 1
   5              		.eabi_attribute 21, 1
   6              		.eabi_attribute 23, 3
   7              		.eabi_attribute 24, 1
   8              		.eabi_attribute 25, 1
   9              		.eabi_attribute 26, 1
  10              		.eabi_attribute 30, 1
  11              		.eabi_attribute 34, 1
  12              		.eabi_attribute 18, 4
  13              		.file	"stm32f4xx_it.c"
  14              		.text
  15              	.Ltext0:
  16              		.cfi_sections	.debug_frame
  17              		.section	.text.NMI_Handler,"ax",%progbits
  18              		.align	1
  19              		.global	NMI_Handler
  20              		.syntax unified
  21              		.thumb
  22              		.thumb_func
  23              		.fpu fpv4-sp-d16
  25              	NMI_Handler:
  26              	.LFB123:
  27              		.file 1 "Src/stm32f4xx_it.c"
   1:Src/stm32f4xx_it.c **** /**
   2:Src/stm32f4xx_it.c ****   ******************************************************************************
   3:Src/stm32f4xx_it.c ****   * @file    stm32f4xx_it.c
   4:Src/stm32f4xx_it.c ****   * @brief   Interrupt Service Routines.
   5:Src/stm32f4xx_it.c ****   ******************************************************************************
   6:Src/stm32f4xx_it.c ****   *
   7:Src/stm32f4xx_it.c ****   * COPYRIGHT(c) 2017 STMicroelectronics
   8:Src/stm32f4xx_it.c ****   *
   9:Src/stm32f4xx_it.c ****   * Redistribution and use in source and binary forms, with or without modification,
  10:Src/stm32f4xx_it.c ****   * are permitted provided that the following conditions are met:
  11:Src/stm32f4xx_it.c ****   *   1. Redistributions of source code must retain the above copyright notice,
  12:Src/stm32f4xx_it.c ****   *      this list of conditions and the following disclaimer.
  13:Src/stm32f4xx_it.c ****   *   2. Redistributions in binary form must reproduce the above copyright notice,
  14:Src/stm32f4xx_it.c ****   *      this list of conditions and the following disclaimer in the documentation
  15:Src/stm32f4xx_it.c ****   *      and/or other materials provided with the distribution.
  16:Src/stm32f4xx_it.c ****   *   3. Neither the name of STMicroelectronics nor the names of its contributors
  17:Src/stm32f4xx_it.c ****   *      may be used to endorse or promote products derived from this software
  18:Src/stm32f4xx_it.c ****   *      without specific prior written permission.
  19:Src/stm32f4xx_it.c ****   *
  20:Src/stm32f4xx_it.c ****   * THIS SOFTWARE IS PROVIDED BY THE COPYRIGHT HOLDERS AND CONTRIBUTORS "AS IS"
  21:Src/stm32f4xx_it.c ****   * AND ANY EXPRESS OR IMPLIED WARRANTIES, INCLUDING, BUT NOT LIMITED TO, THE
  22:Src/stm32f4xx_it.c ****   * IMPLIED WARRANTIES OF MERCHANTABILITY AND FITNESS FOR A PARTICULAR PURPOSE ARE
  23:Src/stm32f4xx_it.c ****   * DISCLAIMED. IN NO EVENT SHALL THE COPYRIGHT HOLDER OR CONTRIBUTORS BE LIABLE
  24:Src/stm32f4xx_it.c ****   * FOR ANY DIRECT, INDIRECT, INCIDENTAL, SPECIAL, EXEMPLARY, OR CONSEQUENTIAL
  25:Src/stm32f4xx_it.c ****   * DAMAGES (INCLUDING, BUT NOT LIMITED TO, PROCUREMENT OF SUBSTITUTE GOODS OR
  26:Src/stm32f4xx_it.c ****   * SERVICES; LOSS OF USE, DATA, OR PROFITS; OR BUSINESS INTERRUPTION) HOWEVER
  27:Src/stm32f4xx_it.c ****   * CAUSED AND ON ANY THEORY OF LIABILITY, WHETHER IN CONTRACT, STRICT LIABILITY,
  28:Src/stm32f4xx_it.c ****   * OR TORT (INCLUDING NEGLIGENCE OR OTHERWISE) ARISING IN ANY WAY OUT OF THE USE
  29:Src/stm32f4xx_it.c ****   * OF THIS SOFTWARE, EVEN IF ADVISED OF THE POSSIBILITY OF SUCH DAMAGE.
  30:Src/stm32f4xx_it.c ****   *
  31:Src/stm32f4xx_it.c ****   ******************************************************************************
ARM GAS  /tmp/ccDIYdpA.s 			page 2


  32:Src/stm32f4xx_it.c ****   */
  33:Src/stm32f4xx_it.c **** /* Includes ------------------------------------------------------------------*/
  34:Src/stm32f4xx_it.c **** #include "stm32f4xx_hal.h"
  35:Src/stm32f4xx_it.c **** #include "stm32f4xx.h"
  36:Src/stm32f4xx_it.c **** #include "stm32f4xx_it.h"
  37:Src/stm32f4xx_it.c **** 
  38:Src/stm32f4xx_it.c **** /* USER CODE BEGIN 0 */
  39:Src/stm32f4xx_it.c **** 
  40:Src/stm32f4xx_it.c **** /* USER CODE END 0 */
  41:Src/stm32f4xx_it.c **** 
  42:Src/stm32f4xx_it.c **** /* External variables --------------------------------------------------------*/
  43:Src/stm32f4xx_it.c **** extern DMA_HandleTypeDef hdma_usart2_rx;
  44:Src/stm32f4xx_it.c **** extern DMA_HandleTypeDef hdma_usart2_tx;
  45:Src/stm32f4xx_it.c **** extern UART_HandleTypeDef huart2;
  46:Src/stm32f4xx_it.c **** 
  47:Src/stm32f4xx_it.c **** /******************************************************************************/
  48:Src/stm32f4xx_it.c **** /*            Cortex-M4 Processor Interruption and Exception Handlers         */ 
  49:Src/stm32f4xx_it.c **** /******************************************************************************/
  50:Src/stm32f4xx_it.c **** 
  51:Src/stm32f4xx_it.c **** /**
  52:Src/stm32f4xx_it.c **** * @brief This function handles Non maskable interrupt.
  53:Src/stm32f4xx_it.c **** */
  54:Src/stm32f4xx_it.c **** void NMI_Handler(void)
  55:Src/stm32f4xx_it.c **** {
  28              		.loc 1 55 0
  29              		.cfi_startproc
  30              		@ args = 0, pretend = 0, frame = 0
  31              		@ frame_needed = 0, uses_anonymous_args = 0
  32              		@ link register save eliminated.
  33 0000 7047     		bx	lr
  34              		.cfi_endproc
  35              	.LFE123:
  37              		.section	.text.HardFault_Handler,"ax",%progbits
  38              		.align	1
  39              		.global	HardFault_Handler
  40              		.syntax unified
  41              		.thumb
  42              		.thumb_func
  43              		.fpu fpv4-sp-d16
  45              	HardFault_Handler:
  46              	.LFB124:
  56:Src/stm32f4xx_it.c ****   /* USER CODE BEGIN NonMaskableInt_IRQn 0 */
  57:Src/stm32f4xx_it.c **** 
  58:Src/stm32f4xx_it.c ****   /* USER CODE END NonMaskableInt_IRQn 0 */
  59:Src/stm32f4xx_it.c ****   /* USER CODE BEGIN NonMaskableInt_IRQn 1 */
  60:Src/stm32f4xx_it.c **** 
  61:Src/stm32f4xx_it.c ****   /* USER CODE END NonMaskableInt_IRQn 1 */
  62:Src/stm32f4xx_it.c **** }
  63:Src/stm32f4xx_it.c **** 
  64:Src/stm32f4xx_it.c **** /**
  65:Src/stm32f4xx_it.c **** * @brief This function handles Hard fault interrupt.
  66:Src/stm32f4xx_it.c **** */
  67:Src/stm32f4xx_it.c **** void HardFault_Handler(void)
  68:Src/stm32f4xx_it.c **** {
  47              		.loc 1 68 0
  48              		.cfi_startproc
  49              		@ Volatile: function does not return.
ARM GAS  /tmp/ccDIYdpA.s 			page 3


  50              		@ args = 0, pretend = 0, frame = 0
  51              		@ frame_needed = 0, uses_anonymous_args = 0
  52              		@ link register save eliminated.
  53              	.L3:
  54 0000 FEE7     		b	.L3
  55              		.cfi_endproc
  56              	.LFE124:
  58              		.section	.text.MemManage_Handler,"ax",%progbits
  59              		.align	1
  60              		.global	MemManage_Handler
  61              		.syntax unified
  62              		.thumb
  63              		.thumb_func
  64              		.fpu fpv4-sp-d16
  66              	MemManage_Handler:
  67              	.LFB125:
  69:Src/stm32f4xx_it.c ****   /* USER CODE BEGIN HardFault_IRQn 0 */
  70:Src/stm32f4xx_it.c **** 
  71:Src/stm32f4xx_it.c ****   /* USER CODE END HardFault_IRQn 0 */
  72:Src/stm32f4xx_it.c ****   while (1)
  73:Src/stm32f4xx_it.c ****   {
  74:Src/stm32f4xx_it.c ****   }
  75:Src/stm32f4xx_it.c ****   /* USER CODE BEGIN HardFault_IRQn 1 */
  76:Src/stm32f4xx_it.c **** 
  77:Src/stm32f4xx_it.c ****   /* USER CODE END HardFault_IRQn 1 */
  78:Src/stm32f4xx_it.c **** }
  79:Src/stm32f4xx_it.c **** 
  80:Src/stm32f4xx_it.c **** /**
  81:Src/stm32f4xx_it.c **** * @brief This function handles Memory management fault.
  82:Src/stm32f4xx_it.c **** */
  83:Src/stm32f4xx_it.c **** void MemManage_Handler(void)
  84:Src/stm32f4xx_it.c **** {
  68              		.loc 1 84 0
  69              		.cfi_startproc
  70              		@ Volatile: function does not return.
  71              		@ args = 0, pretend = 0, frame = 0
  72              		@ frame_needed = 0, uses_anonymous_args = 0
  73              		@ link register save eliminated.
  74              	.L5:
  75 0000 FEE7     		b	.L5
  76              		.cfi_endproc
  77              	.LFE125:
  79              		.section	.text.BusFault_Handler,"ax",%progbits
  80              		.align	1
  81              		.global	BusFault_Handler
  82              		.syntax unified
  83              		.thumb
  84              		.thumb_func
  85              		.fpu fpv4-sp-d16
  87              	BusFault_Handler:
  88              	.LFB126:
  85:Src/stm32f4xx_it.c ****   /* USER CODE BEGIN MemoryManagement_IRQn 0 */
  86:Src/stm32f4xx_it.c **** 
  87:Src/stm32f4xx_it.c ****   /* USER CODE END MemoryManagement_IRQn 0 */
  88:Src/stm32f4xx_it.c ****   while (1)
  89:Src/stm32f4xx_it.c ****   {
  90:Src/stm32f4xx_it.c ****   }
ARM GAS  /tmp/ccDIYdpA.s 			page 4


  91:Src/stm32f4xx_it.c ****   /* USER CODE BEGIN MemoryManagement_IRQn 1 */
  92:Src/stm32f4xx_it.c **** 
  93:Src/stm32f4xx_it.c ****   /* USER CODE END MemoryManagement_IRQn 1 */
  94:Src/stm32f4xx_it.c **** }
  95:Src/stm32f4xx_it.c **** 
  96:Src/stm32f4xx_it.c **** /**
  97:Src/stm32f4xx_it.c **** * @brief This function handles Pre-fetch fault, memory access fault.
  98:Src/stm32f4xx_it.c **** */
  99:Src/stm32f4xx_it.c **** void BusFault_Handler(void)
 100:Src/stm32f4xx_it.c **** {
  89              		.loc 1 100 0
  90              		.cfi_startproc
  91              		@ Volatile: function does not return.
  92              		@ args = 0, pretend = 0, frame = 0
  93              		@ frame_needed = 0, uses_anonymous_args = 0
  94              		@ link register save eliminated.
  95              	.L7:
  96 0000 FEE7     		b	.L7
  97              		.cfi_endproc
  98              	.LFE126:
 100              		.section	.text.UsageFault_Handler,"ax",%progbits
 101              		.align	1
 102              		.global	UsageFault_Handler
 103              		.syntax unified
 104              		.thumb
 105              		.thumb_func
 106              		.fpu fpv4-sp-d16
 108              	UsageFault_Handler:
 109              	.LFB127:
 101:Src/stm32f4xx_it.c ****   /* USER CODE BEGIN BusFault_IRQn 0 */
 102:Src/stm32f4xx_it.c **** 
 103:Src/stm32f4xx_it.c ****   /* USER CODE END BusFault_IRQn 0 */
 104:Src/stm32f4xx_it.c ****   while (1)
 105:Src/stm32f4xx_it.c ****   {
 106:Src/stm32f4xx_it.c ****   }
 107:Src/stm32f4xx_it.c ****   /* USER CODE BEGIN BusFault_IRQn 1 */
 108:Src/stm32f4xx_it.c **** 
 109:Src/stm32f4xx_it.c ****   /* USER CODE END BusFault_IRQn 1 */
 110:Src/stm32f4xx_it.c **** }
 111:Src/stm32f4xx_it.c **** 
 112:Src/stm32f4xx_it.c **** /**
 113:Src/stm32f4xx_it.c **** * @brief This function handles Undefined instruction or illegal state.
 114:Src/stm32f4xx_it.c **** */
 115:Src/stm32f4xx_it.c **** void UsageFault_Handler(void)
 116:Src/stm32f4xx_it.c **** {
 110              		.loc 1 116 0
 111              		.cfi_startproc
 112              		@ Volatile: function does not return.
 113              		@ args = 0, pretend = 0, frame = 0
 114              		@ frame_needed = 0, uses_anonymous_args = 0
 115              		@ link register save eliminated.
 116              	.L9:
 117 0000 FEE7     		b	.L9
 118              		.cfi_endproc
 119              	.LFE127:
 121              		.section	.text.SVC_Handler,"ax",%progbits
 122              		.align	1
ARM GAS  /tmp/ccDIYdpA.s 			page 5


 123              		.global	SVC_Handler
 124              		.syntax unified
 125              		.thumb
 126              		.thumb_func
 127              		.fpu fpv4-sp-d16
 129              	SVC_Handler:
 130              	.LFB128:
 117:Src/stm32f4xx_it.c ****   /* USER CODE BEGIN UsageFault_IRQn 0 */
 118:Src/stm32f4xx_it.c **** 
 119:Src/stm32f4xx_it.c ****   /* USER CODE END UsageFault_IRQn 0 */
 120:Src/stm32f4xx_it.c ****   while (1)
 121:Src/stm32f4xx_it.c ****   {
 122:Src/stm32f4xx_it.c ****   }
 123:Src/stm32f4xx_it.c ****   /* USER CODE BEGIN UsageFault_IRQn 1 */
 124:Src/stm32f4xx_it.c **** 
 125:Src/stm32f4xx_it.c ****   /* USER CODE END UsageFault_IRQn 1 */
 126:Src/stm32f4xx_it.c **** }
 127:Src/stm32f4xx_it.c **** 
 128:Src/stm32f4xx_it.c **** /**
 129:Src/stm32f4xx_it.c **** * @brief This function handles System service call via SWI instruction.
 130:Src/stm32f4xx_it.c **** */
 131:Src/stm32f4xx_it.c **** void SVC_Handler(void)
 132:Src/stm32f4xx_it.c **** {
 131              		.loc 1 132 0
 132              		.cfi_startproc
 133              		@ args = 0, pretend = 0, frame = 0
 134              		@ frame_needed = 0, uses_anonymous_args = 0
 135              		@ link register save eliminated.
 136 0000 7047     		bx	lr
 137              		.cfi_endproc
 138              	.LFE128:
 140              		.section	.text.DebugMon_Handler,"ax",%progbits
 141              		.align	1
 142              		.global	DebugMon_Handler
 143              		.syntax unified
 144              		.thumb
 145              		.thumb_func
 146              		.fpu fpv4-sp-d16
 148              	DebugMon_Handler:
 149              	.LFB129:
 133:Src/stm32f4xx_it.c ****   /* USER CODE BEGIN SVCall_IRQn 0 */
 134:Src/stm32f4xx_it.c **** 
 135:Src/stm32f4xx_it.c ****   /* USER CODE END SVCall_IRQn 0 */
 136:Src/stm32f4xx_it.c ****   /* USER CODE BEGIN SVCall_IRQn 1 */
 137:Src/stm32f4xx_it.c **** 
 138:Src/stm32f4xx_it.c ****   /* USER CODE END SVCall_IRQn 1 */
 139:Src/stm32f4xx_it.c **** }
 140:Src/stm32f4xx_it.c **** 
 141:Src/stm32f4xx_it.c **** /**
 142:Src/stm32f4xx_it.c **** * @brief This function handles Debug monitor.
 143:Src/stm32f4xx_it.c **** */
 144:Src/stm32f4xx_it.c **** void DebugMon_Handler(void)
 145:Src/stm32f4xx_it.c **** {
 150              		.loc 1 145 0
 151              		.cfi_startproc
 152              		@ args = 0, pretend = 0, frame = 0
 153              		@ frame_needed = 0, uses_anonymous_args = 0
ARM GAS  /tmp/ccDIYdpA.s 			page 6


 154              		@ link register save eliminated.
 155 0000 7047     		bx	lr
 156              		.cfi_endproc
 157              	.LFE129:
 159              		.section	.text.PendSV_Handler,"ax",%progbits
 160              		.align	1
 161              		.global	PendSV_Handler
 162              		.syntax unified
 163              		.thumb
 164              		.thumb_func
 165              		.fpu fpv4-sp-d16
 167              	PendSV_Handler:
 168              	.LFB130:
 146:Src/stm32f4xx_it.c ****   /* USER CODE BEGIN DebugMonitor_IRQn 0 */
 147:Src/stm32f4xx_it.c **** 
 148:Src/stm32f4xx_it.c ****   /* USER CODE END DebugMonitor_IRQn 0 */
 149:Src/stm32f4xx_it.c ****   /* USER CODE BEGIN DebugMonitor_IRQn 1 */
 150:Src/stm32f4xx_it.c **** 
 151:Src/stm32f4xx_it.c ****   /* USER CODE END DebugMonitor_IRQn 1 */
 152:Src/stm32f4xx_it.c **** }
 153:Src/stm32f4xx_it.c **** 
 154:Src/stm32f4xx_it.c **** /**
 155:Src/stm32f4xx_it.c **** * @brief This function handles Pendable request for system service.
 156:Src/stm32f4xx_it.c **** */
 157:Src/stm32f4xx_it.c **** void PendSV_Handler(void)
 158:Src/stm32f4xx_it.c **** {
 169              		.loc 1 158 0
 170              		.cfi_startproc
 171              		@ args = 0, pretend = 0, frame = 0
 172              		@ frame_needed = 0, uses_anonymous_args = 0
 173              		@ link register save eliminated.
 174 0000 7047     		bx	lr
 175              		.cfi_endproc
 176              	.LFE130:
 178              		.section	.text.SysTick_Handler,"ax",%progbits
 179              		.align	1
 180              		.global	SysTick_Handler
 181              		.syntax unified
 182              		.thumb
 183              		.thumb_func
 184              		.fpu fpv4-sp-d16
 186              	SysTick_Handler:
 187              	.LFB131:
 159:Src/stm32f4xx_it.c ****   /* USER CODE BEGIN PendSV_IRQn 0 */
 160:Src/stm32f4xx_it.c **** 
 161:Src/stm32f4xx_it.c ****   /* USER CODE END PendSV_IRQn 0 */
 162:Src/stm32f4xx_it.c ****   /* USER CODE BEGIN PendSV_IRQn 1 */
 163:Src/stm32f4xx_it.c **** 
 164:Src/stm32f4xx_it.c ****   /* USER CODE END PendSV_IRQn 1 */
 165:Src/stm32f4xx_it.c **** }
 166:Src/stm32f4xx_it.c **** 
 167:Src/stm32f4xx_it.c **** /**
 168:Src/stm32f4xx_it.c **** * @brief This function handles System tick timer.
 169:Src/stm32f4xx_it.c **** */
 170:Src/stm32f4xx_it.c **** void SysTick_Handler(void)
 171:Src/stm32f4xx_it.c **** {
 188              		.loc 1 171 0
ARM GAS  /tmp/ccDIYdpA.s 			page 7


 189              		.cfi_startproc
 190              		@ args = 0, pretend = 0, frame = 0
 191              		@ frame_needed = 0, uses_anonymous_args = 0
 192              		.loc 1 171 0
 193 0000 08B5     		push	{r3, lr}
 194              	.LCFI0:
 195              		.cfi_def_cfa_offset 8
 196              		.cfi_offset 3, -8
 197              		.cfi_offset 14, -4
 172:Src/stm32f4xx_it.c ****   /* USER CODE BEGIN SysTick_IRQn 0 */
 173:Src/stm32f4xx_it.c **** 
 174:Src/stm32f4xx_it.c ****   /* USER CODE END SysTick_IRQn 0 */
 175:Src/stm32f4xx_it.c ****   HAL_IncTick();
 198              		.loc 1 175 0
 199 0002 FFF7FEFF 		bl	HAL_IncTick
 200              	.LVL0:
 176:Src/stm32f4xx_it.c ****   HAL_SYSTICK_IRQHandler();
 201              		.loc 1 176 0
 202 0006 FFF7FEFF 		bl	HAL_SYSTICK_IRQHandler
 203              	.LVL1:
 204 000a 08BD     		pop	{r3, pc}
 205              		.cfi_endproc
 206              	.LFE131:
 208              		.section	.text.EXTI0_IRQHandler,"ax",%progbits
 209              		.align	1
 210              		.global	EXTI0_IRQHandler
 211              		.syntax unified
 212              		.thumb
 213              		.thumb_func
 214              		.fpu fpv4-sp-d16
 216              	EXTI0_IRQHandler:
 217              	.LFB132:
 177:Src/stm32f4xx_it.c ****   /* USER CODE BEGIN SysTick_IRQn 1 */
 178:Src/stm32f4xx_it.c **** 
 179:Src/stm32f4xx_it.c ****   /* USER CODE END SysTick_IRQn 1 */
 180:Src/stm32f4xx_it.c **** }
 181:Src/stm32f4xx_it.c **** 
 182:Src/stm32f4xx_it.c **** /******************************************************************************/
 183:Src/stm32f4xx_it.c **** /* STM32F4xx Peripheral Interrupt Handlers                                    */
 184:Src/stm32f4xx_it.c **** /* Add here the Interrupt Handlers for the used peripherals.                  */
 185:Src/stm32f4xx_it.c **** /* For the available peripheral interrupt handler names,                      */
 186:Src/stm32f4xx_it.c **** /* please refer to the startup file (startup_stm32f4xx.s).                    */
 187:Src/stm32f4xx_it.c **** /******************************************************************************/
 188:Src/stm32f4xx_it.c **** 
 189:Src/stm32f4xx_it.c **** /**
 190:Src/stm32f4xx_it.c **** * @brief This function handles EXTI line0 interrupt.
 191:Src/stm32f4xx_it.c **** */
 192:Src/stm32f4xx_it.c **** void EXTI0_IRQHandler(void)
 193:Src/stm32f4xx_it.c **** {
 218              		.loc 1 193 0
 219              		.cfi_startproc
 220              		@ args = 0, pretend = 0, frame = 0
 221              		@ frame_needed = 0, uses_anonymous_args = 0
 222 0000 08B5     		push	{r3, lr}
 223              	.LCFI1:
 224              		.cfi_def_cfa_offset 8
 225              		.cfi_offset 3, -8
ARM GAS  /tmp/ccDIYdpA.s 			page 8


 226              		.cfi_offset 14, -4
 194:Src/stm32f4xx_it.c ****   /* USER CODE BEGIN EXTI0_IRQn 0 */
 195:Src/stm32f4xx_it.c **** 
 196:Src/stm32f4xx_it.c ****   /* USER CODE END EXTI0_IRQn 0 */
 197:Src/stm32f4xx_it.c ****   HAL_GPIO_EXTI_IRQHandler(GPIO_PIN_0);
 227              		.loc 1 197 0
 228 0002 0120     		movs	r0, #1
 229 0004 FFF7FEFF 		bl	HAL_GPIO_EXTI_IRQHandler
 230              	.LVL2:
 231 0008 08BD     		pop	{r3, pc}
 232              		.cfi_endproc
 233              	.LFE132:
 235              		.section	.text.DMA1_Stream5_IRQHandler,"ax",%progbits
 236              		.align	1
 237              		.global	DMA1_Stream5_IRQHandler
 238              		.syntax unified
 239              		.thumb
 240              		.thumb_func
 241              		.fpu fpv4-sp-d16
 243              	DMA1_Stream5_IRQHandler:
 244              	.LFB133:
 198:Src/stm32f4xx_it.c ****   /* USER CODE BEGIN EXTI0_IRQn 1 */
 199:Src/stm32f4xx_it.c **** 
 200:Src/stm32f4xx_it.c ****   /* USER CODE END EXTI0_IRQn 1 */
 201:Src/stm32f4xx_it.c **** }
 202:Src/stm32f4xx_it.c **** 
 203:Src/stm32f4xx_it.c **** /**
 204:Src/stm32f4xx_it.c **** * @brief This function handles DMA1 stream5 global interrupt.
 205:Src/stm32f4xx_it.c **** */
 206:Src/stm32f4xx_it.c **** void DMA1_Stream5_IRQHandler(void)
 207:Src/stm32f4xx_it.c **** {
 245              		.loc 1 207 0
 246              		.cfi_startproc
 247              		@ args = 0, pretend = 0, frame = 0
 248              		@ frame_needed = 0, uses_anonymous_args = 0
 249 0000 08B5     		push	{r3, lr}
 250              	.LCFI2:
 251              		.cfi_def_cfa_offset 8
 252              		.cfi_offset 3, -8
 253              		.cfi_offset 14, -4
 208:Src/stm32f4xx_it.c ****   /* USER CODE BEGIN DMA1_Stream5_IRQn 0 */
 209:Src/stm32f4xx_it.c **** 
 210:Src/stm32f4xx_it.c ****   /* USER CODE END DMA1_Stream5_IRQn 0 */
 211:Src/stm32f4xx_it.c ****   HAL_DMA_IRQHandler(&hdma_usart2_rx);
 254              		.loc 1 211 0
 255 0002 0248     		ldr	r0, .L19
 256 0004 FFF7FEFF 		bl	HAL_DMA_IRQHandler
 257              	.LVL3:
 258 0008 08BD     		pop	{r3, pc}
 259              	.L20:
 260 000a 00BF     		.align	2
 261              	.L19:
 262 000c 00000000 		.word	hdma_usart2_rx
 263              		.cfi_endproc
 264              	.LFE133:
 266              		.section	.text.DMA1_Stream6_IRQHandler,"ax",%progbits
 267              		.align	1
ARM GAS  /tmp/ccDIYdpA.s 			page 9


 268              		.global	DMA1_Stream6_IRQHandler
 269              		.syntax unified
 270              		.thumb
 271              		.thumb_func
 272              		.fpu fpv4-sp-d16
 274              	DMA1_Stream6_IRQHandler:
 275              	.LFB134:
 212:Src/stm32f4xx_it.c ****   /* USER CODE BEGIN DMA1_Stream5_IRQn 1 */
 213:Src/stm32f4xx_it.c **** 
 214:Src/stm32f4xx_it.c ****   /* USER CODE END DMA1_Stream5_IRQn 1 */
 215:Src/stm32f4xx_it.c **** }
 216:Src/stm32f4xx_it.c **** 
 217:Src/stm32f4xx_it.c **** /**
 218:Src/stm32f4xx_it.c **** * @brief This function handles DMA1 stream6 global interrupt.
 219:Src/stm32f4xx_it.c **** */
 220:Src/stm32f4xx_it.c **** void DMA1_Stream6_IRQHandler(void)
 221:Src/stm32f4xx_it.c **** {
 276              		.loc 1 221 0
 277              		.cfi_startproc
 278              		@ args = 0, pretend = 0, frame = 0
 279              		@ frame_needed = 0, uses_anonymous_args = 0
 280 0000 08B5     		push	{r3, lr}
 281              	.LCFI3:
 282              		.cfi_def_cfa_offset 8
 283              		.cfi_offset 3, -8
 284              		.cfi_offset 14, -4
 222:Src/stm32f4xx_it.c ****   /* USER CODE BEGIN DMA1_Stream6_IRQn 0 */
 223:Src/stm32f4xx_it.c **** 
 224:Src/stm32f4xx_it.c ****   /* USER CODE END DMA1_Stream6_IRQn 0 */
 225:Src/stm32f4xx_it.c ****   HAL_DMA_IRQHandler(&hdma_usart2_tx);
 285              		.loc 1 225 0
 286 0002 0248     		ldr	r0, .L23
 287 0004 FFF7FEFF 		bl	HAL_DMA_IRQHandler
 288              	.LVL4:
 289 0008 08BD     		pop	{r3, pc}
 290              	.L24:
 291 000a 00BF     		.align	2
 292              	.L23:
 293 000c 00000000 		.word	hdma_usart2_tx
 294              		.cfi_endproc
 295              	.LFE134:
 297              		.section	.text.USART2_IRQHandler,"ax",%progbits
 298              		.align	1
 299              		.global	USART2_IRQHandler
 300              		.syntax unified
 301              		.thumb
 302              		.thumb_func
 303              		.fpu fpv4-sp-d16
 305              	USART2_IRQHandler:
 306              	.LFB135:
 226:Src/stm32f4xx_it.c ****   /* USER CODE BEGIN DMA1_Stream6_IRQn 1 */
 227:Src/stm32f4xx_it.c **** 
 228:Src/stm32f4xx_it.c ****   /* USER CODE END DMA1_Stream6_IRQn 1 */
 229:Src/stm32f4xx_it.c **** }
 230:Src/stm32f4xx_it.c **** 
 231:Src/stm32f4xx_it.c **** /**
 232:Src/stm32f4xx_it.c **** * @brief This function handles USART2 global interrupt.
ARM GAS  /tmp/ccDIYdpA.s 			page 10


 233:Src/stm32f4xx_it.c **** */
 234:Src/stm32f4xx_it.c **** void USART2_IRQHandler(void)
 235:Src/stm32f4xx_it.c **** {
 307              		.loc 1 235 0
 308              		.cfi_startproc
 309              		@ args = 0, pretend = 0, frame = 0
 310              		@ frame_needed = 0, uses_anonymous_args = 0
 311 0000 08B5     		push	{r3, lr}
 312              	.LCFI4:
 313              		.cfi_def_cfa_offset 8
 314              		.cfi_offset 3, -8
 315              		.cfi_offset 14, -4
 236:Src/stm32f4xx_it.c ****   /* USER CODE BEGIN USART2_IRQn 0 */
 237:Src/stm32f4xx_it.c **** 
 238:Src/stm32f4xx_it.c ****   /* USER CODE END USART2_IRQn 0 */
 239:Src/stm32f4xx_it.c ****   HAL_UART_IRQHandler(&huart2);
 316              		.loc 1 239 0
 317 0002 0248     		ldr	r0, .L27
 318 0004 FFF7FEFF 		bl	HAL_UART_IRQHandler
 319              	.LVL5:
 320 0008 08BD     		pop	{r3, pc}
 321              	.L28:
 322 000a 00BF     		.align	2
 323              	.L27:
 324 000c 00000000 		.word	huart2
 325              		.cfi_endproc
 326              	.LFE135:
 328              		.text
 329              	.Letext0:
 330              		.file 2 "/home/saicharan/arm/arm-none-eabi/include/machine/_default_types.h"
 331              		.file 3 "/home/saicharan/arm/arm-none-eabi/include/stdint.h"
 332              		.file 4 "Drivers/CMSIS/Include/core_cm4.h"
 333              		.file 5 "Drivers/CMSIS/Device/ST/STM32F4xx/Include/system_stm32f4xx.h"
 334              		.file 6 "Drivers/CMSIS/Device/ST/STM32F4xx/Include/stm32f407xx.h"
 335              		.file 7 "/home/saicharan/arm/arm-none-eabi/include/sys/lock.h"
 336              		.file 8 "/home/saicharan/arm/arm-none-eabi/include/sys/_types.h"
 337              		.file 9 "/home/saicharan/arm/lib/gcc/arm-none-eabi/6.3.0/include/stddef.h"
 338              		.file 10 "/home/saicharan/arm/arm-none-eabi/include/sys/reent.h"
 339              		.file 11 "Drivers/STM32F4xx_HAL_Driver/Inc/stm32f4xx_hal_def.h"
 340              		.file 12 "Drivers/STM32F4xx_HAL_Driver/Inc/stm32f4xx_hal_dma.h"
 341              		.file 13 "Drivers/STM32F4xx_HAL_Driver/Inc/stm32f4xx_hal_uart.h"
 342              		.file 14 "Drivers/STM32F4xx_HAL_Driver/Inc/stm32f4xx_hal_gpio.h"
 343              		.file 15 "Drivers/STM32F4xx_HAL_Driver/Inc/stm32f4xx_hal.h"
 344              		.file 16 "Drivers/STM32F4xx_HAL_Driver/Inc/stm32f4xx_hal_cortex.h"
ARM GAS  /tmp/ccDIYdpA.s 			page 11


DEFINED SYMBOLS
                            *ABS*:0000000000000000 stm32f4xx_it.c
     /tmp/ccDIYdpA.s:18     .text.NMI_Handler:0000000000000000 $t
     /tmp/ccDIYdpA.s:25     .text.NMI_Handler:0000000000000000 NMI_Handler
     /tmp/ccDIYdpA.s:38     .text.HardFault_Handler:0000000000000000 $t
     /tmp/ccDIYdpA.s:45     .text.HardFault_Handler:0000000000000000 HardFault_Handler
     /tmp/ccDIYdpA.s:59     .text.MemManage_Handler:0000000000000000 $t
     /tmp/ccDIYdpA.s:66     .text.MemManage_Handler:0000000000000000 MemManage_Handler
     /tmp/ccDIYdpA.s:80     .text.BusFault_Handler:0000000000000000 $t
     /tmp/ccDIYdpA.s:87     .text.BusFault_Handler:0000000000000000 BusFault_Handler
     /tmp/ccDIYdpA.s:101    .text.UsageFault_Handler:0000000000000000 $t
     /tmp/ccDIYdpA.s:108    .text.UsageFault_Handler:0000000000000000 UsageFault_Handler
     /tmp/ccDIYdpA.s:122    .text.SVC_Handler:0000000000000000 $t
     /tmp/ccDIYdpA.s:129    .text.SVC_Handler:0000000000000000 SVC_Handler
     /tmp/ccDIYdpA.s:141    .text.DebugMon_Handler:0000000000000000 $t
     /tmp/ccDIYdpA.s:148    .text.DebugMon_Handler:0000000000000000 DebugMon_Handler
     /tmp/ccDIYdpA.s:160    .text.PendSV_Handler:0000000000000000 $t
     /tmp/ccDIYdpA.s:167    .text.PendSV_Handler:0000000000000000 PendSV_Handler
     /tmp/ccDIYdpA.s:179    .text.SysTick_Handler:0000000000000000 $t
     /tmp/ccDIYdpA.s:186    .text.SysTick_Handler:0000000000000000 SysTick_Handler
     /tmp/ccDIYdpA.s:209    .text.EXTI0_IRQHandler:0000000000000000 $t
     /tmp/ccDIYdpA.s:216    .text.EXTI0_IRQHandler:0000000000000000 EXTI0_IRQHandler
     /tmp/ccDIYdpA.s:236    .text.DMA1_Stream5_IRQHandler:0000000000000000 $t
     /tmp/ccDIYdpA.s:243    .text.DMA1_Stream5_IRQHandler:0000000000000000 DMA1_Stream5_IRQHandler
     /tmp/ccDIYdpA.s:262    .text.DMA1_Stream5_IRQHandler:000000000000000c $d
     /tmp/ccDIYdpA.s:267    .text.DMA1_Stream6_IRQHandler:0000000000000000 $t
     /tmp/ccDIYdpA.s:274    .text.DMA1_Stream6_IRQHandler:0000000000000000 DMA1_Stream6_IRQHandler
     /tmp/ccDIYdpA.s:293    .text.DMA1_Stream6_IRQHandler:000000000000000c $d
     /tmp/ccDIYdpA.s:298    .text.USART2_IRQHandler:0000000000000000 $t
     /tmp/ccDIYdpA.s:305    .text.USART2_IRQHandler:0000000000000000 USART2_IRQHandler
     /tmp/ccDIYdpA.s:324    .text.USART2_IRQHandler:000000000000000c $d
                     .debug_frame:0000000000000010 $d

UNDEFINED SYMBOLS
HAL_IncTick
HAL_SYSTICK_IRQHandler
HAL_GPIO_EXTI_IRQHandler
HAL_DMA_IRQHandler
hdma_usart2_rx
hdma_usart2_tx
HAL_UART_IRQHandler
huart2
